2022-06-01 00:05:34.996  INFO 224007 --- [http-nio-8080-exec-3] c.f.e.c.controller.CategoryController    : Save category to controller
2022-06-01 00:05:34.999  INFO 224007 --- [http-nio-8080-exec-3] ServiceControllerModelCategoryMapperImpl : Mapping from controller to service
2022-06-01 00:05:34.999  INFO 224007 --- [http-nio-8080-exec-3] ServiceControllerModelCategoryMapperImpl : serviceModelCategory: com.fingo.ecourse.categories.service.model.ServiceModelCategory@10f6a7df
2022-06-01 00:05:34.999  INFO 224007 --- [http-nio-8080-exec-3] ServiceControllerModelCategoryMapperImpl : Mapping from controller to service successfully
2022-06-01 00:05:34.999  INFO 224007 --- [http-nio-8080-exec-3] c.f.e.c.service.CategoryService          : Save category to repository
2022-06-01 00:05:35.000  INFO 224007 --- [http-nio-8080-exec-3] ServiceRepositoryModelCategoryMapperImpl : Mapping from service to repository
2022-06-01 00:05:35.000  INFO 224007 --- [http-nio-8080-exec-3] ServiceRepositoryModelCategoryMapperImpl : repositoryModelCategoryEntity: com.fingo.ecourse.categories.repository.model.CategoryEntity@5dc4ee6
2022-06-01 00:05:35.000  INFO 224007 --- [http-nio-8080-exec-3] ServiceRepositoryModelCategoryMapperImpl : Mapping from service to repository successfully
2022-06-01 00:05:35.000  INFO 224007 --- [http-nio-8080-exec-3] c.f.e.c.service.CategoryService          : Saved category com.fingo.ecourse.categories.repository.model.CategoryEntity@5dc4ee6 successfully
2022-06-01 00:05:35.003  INFO 224007 --- [http-nio-8080-exec-3] c.f.e.c.controller.CategoryController    : Saved category com.fingo.ecourse.categories.service.model.ServiceModelCategory@10f6a7df to controller successfully
2022-06-01 00:06:48.324  INFO 224007 --- [http-nio-8080-exec-5] c.f.e.c.controller.CategoryController    : Save category to controller
2022-06-01 00:06:48.324  INFO 224007 --- [http-nio-8080-exec-5] ServiceControllerModelCategoryMapperImpl : Mapping from controller to service
2022-06-01 00:06:48.324  INFO 224007 --- [http-nio-8080-exec-5] ServiceControllerModelCategoryMapperImpl : serviceModelCategory: com.fingo.ecourse.categories.service.model.ServiceModelCategory@62bdae0d
2022-06-01 00:06:48.324  INFO 224007 --- [http-nio-8080-exec-5] ServiceControllerModelCategoryMapperImpl : Mapping from controller to service successfully
2022-06-01 00:06:48.324  INFO 224007 --- [http-nio-8080-exec-5] c.f.e.c.service.CategoryService          : Save category to repository
2022-06-01 00:06:48.326  INFO 224007 --- [http-nio-8080-exec-5] ServiceRepositoryModelCategoryMapperImpl : Mapping from service to repository
2022-06-01 00:06:48.326  INFO 224007 --- [http-nio-8080-exec-5] ServiceRepositoryModelCategoryMapperImpl : repositoryModelCategoryEntity: com.fingo.ecourse.categories.repository.model.CategoryEntity@fe1
2022-06-01 00:06:48.326  INFO 224007 --- [http-nio-8080-exec-5] ServiceRepositoryModelCategoryMapperImpl : Mapping from service to repository successfully
2022-06-01 00:06:48.326  INFO 224007 --- [http-nio-8080-exec-5] c.f.e.c.service.CategoryService          : Saved category com.fingo.ecourse.categories.repository.model.CategoryEntity@fe1 successfully
2022-06-01 00:06:48.328  INFO 224007 --- [http-nio-8080-exec-5] c.f.e.c.controller.CategoryController    : Saved category com.fingo.ecourse.categories.service.model.ServiceModelCategory@62bdae0d to controller successfully
2022-06-01 00:06:50.168  INFO 224007 --- [http-nio-8080-exec-6] c.f.e.c.controller.CategoryController    : Save category to controller
2022-06-01 00:06:50.168  INFO 224007 --- [http-nio-8080-exec-6] ServiceControllerModelCategoryMapperImpl : Mapping from controller to service
2022-06-01 00:06:50.168  INFO 224007 --- [http-nio-8080-exec-6] ServiceControllerModelCategoryMapperImpl : serviceModelCategory: com.fingo.ecourse.categories.service.model.ServiceModelCategory@58a1d93a
2022-06-01 00:06:50.168  INFO 224007 --- [http-nio-8080-exec-6] ServiceControllerModelCategoryMapperImpl : Mapping from controller to service successfully
2022-06-01 00:06:50.168  INFO 224007 --- [http-nio-8080-exec-6] c.f.e.c.service.CategoryService          : Save category to repository
2022-06-01 00:06:50.170 ERROR 224007 --- [http-nio-8080-exec-6] c.f.e.c.service.CategoryService          : CategoryDuplicate handler executed
2022-06-01 00:06:50.171  WARN 224007 --- [http-nio-8080-exec-6] .m.m.a.ExceptionHandlerExceptionResolver : Resolved [com.fingo.ecourse.categories.controller.exception.model.CategoryDuplicateException: Category aa already exists!]
2022-06-01 00:13:04.069  INFO 224007 --- [http-nio-8080-exec-7] c.f.e.c.controller.CategoryController    : Save category to controller
2022-06-01 00:13:04.069  INFO 224007 --- [http-nio-8080-exec-7] ServiceControllerModelCategoryMapperImpl : Mapping from controller to service
2022-06-01 00:13:04.069  INFO 224007 --- [http-nio-8080-exec-7] ServiceControllerModelCategoryMapperImpl : serviceModelCategory: com.fingo.ecourse.categories.service.model.ServiceModelCategory@18bae680
2022-06-01 00:13:04.069  INFO 224007 --- [http-nio-8080-exec-7] ServiceControllerModelCategoryMapperImpl : Mapping from controller to service successfully
2022-06-01 00:13:04.069  INFO 224007 --- [http-nio-8080-exec-7] c.f.e.c.service.CategoryService          : Save category to repository
2022-06-01 00:13:04.071 ERROR 224007 --- [http-nio-8080-exec-7] c.f.e.c.service.CategoryService          : CategoryDuplicate handler executed
2022-06-01 00:13:04.072  WARN 224007 --- [http-nio-8080-exec-7] .m.m.a.ExceptionHandlerExceptionResolver : Resolved [com.fingo.ecourse.categories.controller.exception.model.CategoryDuplicateException: Category aa already exists!]
2022-06-01 00:13:09.969  INFO 224007 --- [http-nio-8080-exec-8] c.f.e.c.controller.CategoryController    : Save category to controller
2022-06-01 00:13:09.970  INFO 224007 --- [http-nio-8080-exec-8] ServiceControllerModelCategoryMapperImpl : Mapping from controller to service
2022-06-01 00:13:09.970  INFO 224007 --- [http-nio-8080-exec-8] ServiceControllerModelCategoryMapperImpl : serviceModelCategory: com.fingo.ecourse.categories.service.model.ServiceModelCategory@6f9a720c
2022-06-01 00:13:09.970  INFO 224007 --- [http-nio-8080-exec-8] ServiceControllerModelCategoryMapperImpl : Mapping from controller to service successfully
2022-06-01 00:13:09.970  INFO 224007 --- [http-nio-8080-exec-8] c.f.e.c.service.CategoryService          : Save category to repository
2022-06-01 00:13:09.971  INFO 224007 --- [http-nio-8080-exec-8] ServiceRepositoryModelCategoryMapperImpl : Mapping from service to repository
2022-06-01 00:13:09.971  INFO 224007 --- [http-nio-8080-exec-8] ServiceRepositoryModelCategoryMapperImpl : repositoryModelCategoryEntity: com.fingo.ecourse.categories.repository.model.CategoryEntity@1dcbd
2022-06-01 00:13:09.971  INFO 224007 --- [http-nio-8080-exec-8] ServiceRepositoryModelCategoryMapperImpl : Mapping from service to repository successfully
2022-06-01 00:13:09.971  INFO 224007 --- [http-nio-8080-exec-8] c.f.e.c.service.CategoryService          : Saved category com.fingo.ecourse.categories.repository.model.CategoryEntity@1dcbd successfully
2022-06-01 00:13:09.973  INFO 224007 --- [http-nio-8080-exec-8] c.f.e.c.controller.CategoryController    : Saved category com.fingo.ecourse.categories.service.model.ServiceModelCategory@6f9a720c to controller successfully
2022-06-01 00:13:11.294  INFO 224007 --- [http-nio-8080-exec-9] c.f.e.c.controller.CategoryController    : Save category to controller
2022-06-01 00:13:11.295  INFO 224007 --- [http-nio-8080-exec-9] ServiceControllerModelCategoryMapperImpl : Mapping from controller to service
2022-06-01 00:13:11.295  INFO 224007 --- [http-nio-8080-exec-9] ServiceControllerModelCategoryMapperImpl : serviceModelCategory: com.fingo.ecourse.categories.service.model.ServiceModelCategory@3f7c3928
2022-06-01 00:13:11.295  INFO 224007 --- [http-nio-8080-exec-9] ServiceControllerModelCategoryMapperImpl : Mapping from controller to service successfully
2022-06-01 00:13:11.295  INFO 224007 --- [http-nio-8080-exec-9] c.f.e.c.service.CategoryService          : Save category to repository
2022-06-01 00:13:11.296 ERROR 224007 --- [http-nio-8080-exec-9] c.f.e.c.service.CategoryService          : CategoryDuplicate handler executed
2022-06-01 00:13:11.297  WARN 224007 --- [http-nio-8080-exec-9] .m.m.a.ExceptionHandlerExceptionResolver : Resolved [com.fingo.ecourse.categories.controller.exception.model.CategoryDuplicateException: Category zxz already exists!]
2022-06-01 00:14:31.138  INFO 224007 --- [http-nio-8080-exec-1] c.f.e.c.controller.CategoryController    : Save category to controller
2022-06-01 00:14:31.139  INFO 224007 --- [http-nio-8080-exec-1] ServiceControllerModelCategoryMapperImpl : Mapping from controller to service
2022-06-01 00:14:31.139  INFO 224007 --- [http-nio-8080-exec-1] ServiceControllerModelCategoryMapperImpl : serviceModelCategory: com.fingo.ecourse.categories.service.model.ServiceModelCategory@584ef926
2022-06-01 00:14:31.139  INFO 224007 --- [http-nio-8080-exec-1] ServiceControllerModelCategoryMapperImpl : Mapping from controller to service successfully
2022-06-01 00:14:31.139  INFO 224007 --- [http-nio-8080-exec-1] c.f.e.c.service.CategoryService          : Save category to repository
2022-06-01 00:14:31.140  INFO 224007 --- [http-nio-8080-exec-1] ServiceRepositoryModelCategoryMapperImpl : Mapping from service to repository
2022-06-01 00:14:31.140  INFO 224007 --- [http-nio-8080-exec-1] ServiceRepositoryModelCategoryMapperImpl : repositoryModelCategoryEntity: com.fingo.ecourse.categories.repository.model.CategoryEntity@12ff
2022-06-01 00:14:31.140  INFO 224007 --- [http-nio-8080-exec-1] ServiceRepositoryModelCategoryMapperImpl : Mapping from service to repository successfully
2022-06-01 00:14:31.140  INFO 224007 --- [http-nio-8080-exec-1] c.f.e.c.service.CategoryService          : Saved category com.fingo.ecourse.categories.repository.model.CategoryEntity@12ff successfully
2022-06-01 00:14:31.143  INFO 224007 --- [http-nio-8080-exec-1] c.f.e.c.controller.CategoryController    : Saved category com.fingo.ecourse.categories.service.model.ServiceModelCategory@584ef926 to controller successfully
2022-06-01 00:14:36.251  INFO 224007 --- [http-nio-8080-exec-2] c.f.e.c.controller.CategoryController    : Save category to controller
2022-06-01 00:14:36.251  INFO 224007 --- [http-nio-8080-exec-2] ServiceControllerModelCategoryMapperImpl : Mapping from controller to service
2022-06-01 00:14:36.251  INFO 224007 --- [http-nio-8080-exec-2] ServiceControllerModelCategoryMapperImpl : serviceModelCategory: com.fingo.ecourse.categories.service.model.ServiceModelCategory@2256bd17
2022-06-01 00:14:36.251  INFO 224007 --- [http-nio-8080-exec-2] ServiceControllerModelCategoryMapperImpl : Mapping from controller to service successfully
2022-06-01 00:14:36.251  INFO 224007 --- [http-nio-8080-exec-2] c.f.e.c.service.CategoryService          : Save category to repository
2022-06-01 00:14:36.254 ERROR 224007 --- [http-nio-8080-exec-2] c.f.e.c.service.CategoryService          : CategoryDuplicate handler executed
2022-06-01 00:14:36.255  WARN 224007 --- [http-nio-8080-exec-2] .m.m.a.ExceptionHandlerExceptionResolver : Resolved [com.fingo.ecourse.categories.controller.exception.model.CategoryDuplicateException: Category zx already exists!]
2022-06-01 00:14:38.863  INFO 224007 --- [http-nio-8080-exec-3] c.f.e.c.controller.CategoryController    : Save category to controller
2022-06-01 00:14:38.864  INFO 224007 --- [http-nio-8080-exec-3] ServiceControllerModelCategoryMapperImpl : Mapping from controller to service
2022-06-01 00:14:38.864  INFO 224007 --- [http-nio-8080-exec-3] ServiceControllerModelCategoryMapperImpl : serviceModelCategory: com.fingo.ecourse.categories.service.model.ServiceModelCategory@791bed2b
2022-06-01 00:14:38.864  INFO 224007 --- [http-nio-8080-exec-3] ServiceControllerModelCategoryMapperImpl : Mapping from controller to service successfully
2022-06-01 00:14:38.864  INFO 224007 --- [http-nio-8080-exec-3] c.f.e.c.service.CategoryService          : Save category to repository
2022-06-01 00:14:38.867 ERROR 224007 --- [http-nio-8080-exec-3] c.f.e.c.service.CategoryService          : CategoryDuplicate handler executed
2022-06-01 00:14:38.867  WARN 224007 --- [http-nio-8080-exec-3] .m.m.a.ExceptionHandlerExceptionResolver : Resolved [com.fingo.ecourse.categories.controller.exception.model.CategoryDuplicateException: Category zx already exists!]
2022-06-01 00:14:39.659  INFO 224007 --- [http-nio-8080-exec-4] c.f.e.c.controller.CategoryController    : Save category to controller
2022-06-01 00:14:39.660  INFO 224007 --- [http-nio-8080-exec-4] ServiceControllerModelCategoryMapperImpl : Mapping from controller to service
2022-06-01 00:14:39.660  INFO 224007 --- [http-nio-8080-exec-4] ServiceControllerModelCategoryMapperImpl : serviceModelCategory: com.fingo.ecourse.categories.service.model.ServiceModelCategory@4137ef5f
2022-06-01 00:14:39.660  INFO 224007 --- [http-nio-8080-exec-4] ServiceControllerModelCategoryMapperImpl : Mapping from controller to service successfully
2022-06-01 00:14:39.660  INFO 224007 --- [http-nio-8080-exec-4] c.f.e.c.service.CategoryService          : Save category to repository
2022-06-01 00:14:39.661 ERROR 224007 --- [http-nio-8080-exec-4] c.f.e.c.service.CategoryService          : CategoryDuplicate handler executed
2022-06-01 00:14:39.661  WARN 224007 --- [http-nio-8080-exec-4] .m.m.a.ExceptionHandlerExceptionResolver : Resolved [com.fingo.ecourse.categories.controller.exception.model.CategoryDuplicateException: Category zx already exists!]
2022-06-01 00:14:41.916  INFO 224007 --- [http-nio-8080-exec-5] c.f.e.c.controller.CategoryController    : Save category to controller
2022-06-01 00:14:41.916  INFO 224007 --- [http-nio-8080-exec-5] ServiceControllerModelCategoryMapperImpl : Mapping from controller to service
2022-06-01 00:14:41.916  INFO 224007 --- [http-nio-8080-exec-5] ServiceControllerModelCategoryMapperImpl : serviceModelCategory: com.fingo.ecourse.categories.service.model.ServiceModelCategory@410cf3b1
2022-06-01 00:14:41.916  INFO 224007 --- [http-nio-8080-exec-5] ServiceControllerModelCategoryMapperImpl : Mapping from controller to service successfully
2022-06-01 00:14:41.916  INFO 224007 --- [http-nio-8080-exec-5] c.f.e.c.service.CategoryService          : Save category to repository
2022-06-01 00:14:41.917 ERROR 224007 --- [http-nio-8080-exec-5] c.f.e.c.service.CategoryService          : CategoryDuplicate handler executed
2022-06-01 00:14:41.918  WARN 224007 --- [http-nio-8080-exec-5] .m.m.a.ExceptionHandlerExceptionResolver : Resolved [com.fingo.ecourse.categories.controller.exception.model.CategoryDuplicateException: Category zx already exists!]
2022-06-01 00:14:42.705  INFO 224007 --- [http-nio-8080-exec-6] c.f.e.c.controller.CategoryController    : Save category to controller
2022-06-01 00:14:42.705  INFO 224007 --- [http-nio-8080-exec-6] ServiceControllerModelCategoryMapperImpl : Mapping from controller to service
2022-06-01 00:14:42.705  INFO 224007 --- [http-nio-8080-exec-6] ServiceControllerModelCategoryMapperImpl : serviceModelCategory: com.fingo.ecourse.categories.service.model.ServiceModelCategory@751cb89d
2022-06-01 00:14:42.705  INFO 224007 --- [http-nio-8080-exec-6] ServiceControllerModelCategoryMapperImpl : Mapping from controller to service successfully
2022-06-01 00:14:42.705  INFO 224007 --- [http-nio-8080-exec-6] c.f.e.c.service.CategoryService          : Save category to repository
2022-06-01 00:14:42.707 ERROR 224007 --- [http-nio-8080-exec-6] c.f.e.c.service.CategoryService          : CategoryDuplicate handler executed
2022-06-01 00:14:42.707  WARN 224007 --- [http-nio-8080-exec-6] .m.m.a.ExceptionHandlerExceptionResolver : Resolved [com.fingo.ecourse.categories.controller.exception.model.CategoryDuplicateException: Category zx already exists!]
2022-06-01 00:14:43.241  INFO 224007 --- [http-nio-8080-exec-7] c.f.e.c.controller.CategoryController    : Save category to controller
2022-06-01 00:14:43.241  INFO 224007 --- [http-nio-8080-exec-7] ServiceControllerModelCategoryMapperImpl : Mapping from controller to service
2022-06-01 00:14:43.241  INFO 224007 --- [http-nio-8080-exec-7] ServiceControllerModelCategoryMapperImpl : serviceModelCategory: com.fingo.ecourse.categories.service.model.ServiceModelCategory@623e2b48
2022-06-01 00:14:43.241  INFO 224007 --- [http-nio-8080-exec-7] ServiceControllerModelCategoryMapperImpl : Mapping from controller to service successfully
2022-06-01 00:14:43.241  INFO 224007 --- [http-nio-8080-exec-7] c.f.e.c.service.CategoryService          : Save category to repository
2022-06-01 00:14:43.243 ERROR 224007 --- [http-nio-8080-exec-7] c.f.e.c.service.CategoryService          : CategoryDuplicate handler executed
2022-06-01 00:14:43.243  WARN 224007 --- [http-nio-8080-exec-7] .m.m.a.ExceptionHandlerExceptionResolver : Resolved [com.fingo.ecourse.categories.controller.exception.model.CategoryDuplicateException: Category zx already exists!]
2022-06-01 00:14:54.814  INFO 224007 --- [http-nio-8080-exec-8] c.f.e.c.controller.CategoryController    : Save category to controller
2022-06-01 00:14:54.814  INFO 224007 --- [http-nio-8080-exec-8] ServiceControllerModelCategoryMapperImpl : Mapping from controller to service
2022-06-01 00:14:54.814  INFO 224007 --- [http-nio-8080-exec-8] ServiceControllerModelCategoryMapperImpl : serviceModelCategory: com.fingo.ecourse.categories.service.model.ServiceModelCategory@7fd213a0
2022-06-01 00:14:54.814  INFO 224007 --- [http-nio-8080-exec-8] ServiceControllerModelCategoryMapperImpl : Mapping from controller to service successfully
2022-06-01 00:14:54.814  INFO 224007 --- [http-nio-8080-exec-8] c.f.e.c.service.CategoryService          : Save category to repository
2022-06-01 00:14:54.815  INFO 224007 --- [http-nio-8080-exec-8] ServiceRepositoryModelCategoryMapperImpl : Mapping from service to repository
2022-06-01 00:14:54.815  INFO 224007 --- [http-nio-8080-exec-8] ServiceRepositoryModelCategoryMapperImpl : repositoryModelCategoryEntity: com.fingo.ecourse.categories.repository.model.CategoryEntity@2d9401
2022-06-01 00:14:54.815  INFO 224007 --- [http-nio-8080-exec-8] ServiceRepositoryModelCategoryMapperImpl : Mapping from service to repository successfully
2022-06-01 00:14:54.815  INFO 224007 --- [http-nio-8080-exec-8] c.f.e.c.service.CategoryService          : Saved category com.fingo.ecourse.categories.repository.model.CategoryEntity@2d9401 successfully
2022-06-01 00:14:54.818  INFO 224007 --- [http-nio-8080-exec-8] c.f.e.c.controller.CategoryController    : Saved category com.fingo.ecourse.categories.service.model.ServiceModelCategory@7fd213a0 to controller successfully
2022-06-01 00:14:59.940  INFO 224007 --- [http-nio-8080-exec-9] c.f.e.c.controller.CategoryController    : Save category to controller
2022-06-01 00:14:59.940  INFO 224007 --- [http-nio-8080-exec-9] ServiceControllerModelCategoryMapperImpl : Mapping from controller to service
2022-06-01 00:14:59.940  INFO 224007 --- [http-nio-8080-exec-9] ServiceControllerModelCategoryMapperImpl : serviceModelCategory: com.fingo.ecourse.categories.service.model.ServiceModelCategory@2eed18cd
2022-06-01 00:14:59.940  INFO 224007 --- [http-nio-8080-exec-9] ServiceControllerModelCategoryMapperImpl : Mapping from controller to service successfully
2022-06-01 00:14:59.940  INFO 224007 --- [http-nio-8080-exec-9] c.f.e.c.service.CategoryService          : Save category to repository
2022-06-01 00:14:59.941 ERROR 224007 --- [http-nio-8080-exec-9] c.f.e.c.service.CategoryService          : CategoryDuplicate handler executed
2022-06-01 00:14:59.942  WARN 224007 --- [http-nio-8080-exec-9] .m.m.a.ExceptionHandlerExceptionResolver : Resolved [com.fingo.ecourse.categories.controller.exception.model.CategoryDuplicateException: Category aaaa already exists!]
2022-06-01 00:15:00.941  INFO 224007 --- [http-nio-8080-exec-10] c.f.e.c.controller.CategoryController    : Save category to controller
2022-06-01 00:15:00.941  INFO 224007 --- [http-nio-8080-exec-10] ServiceControllerModelCategoryMapperImpl : Mapping from controller to service
2022-06-01 00:15:00.941  INFO 224007 --- [http-nio-8080-exec-10] ServiceControllerModelCategoryMapperImpl : serviceModelCategory: com.fingo.ecourse.categories.service.model.ServiceModelCategory@19fada5c
2022-06-01 00:15:00.941  INFO 224007 --- [http-nio-8080-exec-10] ServiceControllerModelCategoryMapperImpl : Mapping from controller to service successfully
2022-06-01 00:15:00.941  INFO 224007 --- [http-nio-8080-exec-10] c.f.e.c.service.CategoryService          : Save category to repository
2022-06-01 00:15:00.942 ERROR 224007 --- [http-nio-8080-exec-10] c.f.e.c.service.CategoryService          : CategoryDuplicate handler executed
2022-06-01 00:15:00.943  WARN 224007 --- [http-nio-8080-exec-10] .m.m.a.ExceptionHandlerExceptionResolver : Resolved [com.fingo.ecourse.categories.controller.exception.model.CategoryDuplicateException: Category aaaa already exists!]
2022-06-01 00:17:05.563  INFO 224007 --- [http-nio-8080-exec-1] c.f.e.c.controller.CategoryController    : Save category to controller
2022-06-01 00:17:05.563  INFO 224007 --- [http-nio-8080-exec-1] ServiceControllerModelCategoryMapperImpl : Mapping from controller to service
2022-06-01 00:17:05.563  INFO 224007 --- [http-nio-8080-exec-1] ServiceControllerModelCategoryMapperImpl : serviceModelCategory: com.fingo.ecourse.categories.service.model.ServiceModelCategory@77d234fa
2022-06-01 00:17:05.563  INFO 224007 --- [http-nio-8080-exec-1] ServiceControllerModelCategoryMapperImpl : Mapping from controller to service successfully
2022-06-01 00:17:05.563  INFO 224007 --- [http-nio-8080-exec-1] c.f.e.c.service.CategoryService          : Save category to repository
2022-06-01 00:17:05.564  INFO 224007 --- [http-nio-8080-exec-1] ServiceRepositoryModelCategoryMapperImpl : Mapping from service to repository
2022-06-01 00:17:05.564  INFO 224007 --- [http-nio-8080-exec-1] ServiceRepositoryModelCategoryMapperImpl : repositoryModelCategoryEntity: com.fingo.ecourse.categories.repository.model.CategoryEntity@1121
2022-06-01 00:17:05.564  INFO 224007 --- [http-nio-8080-exec-1] ServiceRepositoryModelCategoryMapperImpl : Mapping from service to repository successfully
2022-06-01 00:17:05.564  INFO 224007 --- [http-nio-8080-exec-1] c.f.e.c.service.CategoryService          : Saved category com.fingo.ecourse.categories.repository.model.CategoryEntity@1121 successfully
2022-06-01 00:17:05.566  INFO 224007 --- [http-nio-8080-exec-1] c.f.e.c.controller.CategoryController    : Saved category com.fingo.ecourse.categories.service.model.ServiceModelCategory@77d234fa to controller successfully
2022-06-01 00:17:07.691  INFO 224007 --- [http-nio-8080-exec-2] c.f.e.c.controller.CategoryController    : Save category to controller
2022-06-01 00:17:07.691  INFO 224007 --- [http-nio-8080-exec-2] ServiceControllerModelCategoryMapperImpl : Mapping from controller to service
2022-06-01 00:17:07.691  INFO 224007 --- [http-nio-8080-exec-2] ServiceControllerModelCategoryMapperImpl : serviceModelCategory: com.fingo.ecourse.categories.service.model.ServiceModelCategory@109b259a
2022-06-01 00:17:07.691  INFO 224007 --- [http-nio-8080-exec-2] ServiceControllerModelCategoryMapperImpl : Mapping from controller to service successfully
2022-06-01 00:17:07.691  INFO 224007 --- [http-nio-8080-exec-2] c.f.e.c.service.CategoryService          : Save category to repository
2022-06-01 00:17:07.692 ERROR 224007 --- [http-nio-8080-exec-2] c.f.e.c.service.CategoryService          : CategoryDuplicate handler executed
2022-06-01 00:17:07.693  WARN 224007 --- [http-nio-8080-exec-2] .m.m.a.ExceptionHandlerExceptionResolver : Resolved [com.fingo.ecourse.categories.controller.exception.model.CategoryDuplicateException: Category kk already exists!]
2022-06-01 00:17:09.360  INFO 224007 --- [http-nio-8080-exec-3] c.f.e.c.controller.CategoryController    : Save category to controller
2022-06-01 00:17:09.360  INFO 224007 --- [http-nio-8080-exec-3] ServiceControllerModelCategoryMapperImpl : Mapping from controller to service
2022-06-01 00:17:09.360  INFO 224007 --- [http-nio-8080-exec-3] ServiceControllerModelCategoryMapperImpl : serviceModelCategory: com.fingo.ecourse.categories.service.model.ServiceModelCategory@5431e1c4
2022-06-01 00:17:09.360  INFO 224007 --- [http-nio-8080-exec-3] ServiceControllerModelCategoryMapperImpl : Mapping from controller to service successfully
2022-06-01 00:17:09.360  INFO 224007 --- [http-nio-8080-exec-3] c.f.e.c.service.CategoryService          : Save category to repository
2022-06-01 00:17:09.361 ERROR 224007 --- [http-nio-8080-exec-3] c.f.e.c.service.CategoryService          : CategoryDuplicate handler executed
2022-06-01 00:17:09.362  WARN 224007 --- [http-nio-8080-exec-3] .m.m.a.ExceptionHandlerExceptionResolver : Resolved [com.fingo.ecourse.categories.controller.exception.model.CategoryDuplicateException: Category kk already exists!]
2022-06-01 00:17:10.122  INFO 224007 --- [http-nio-8080-exec-4] c.f.e.c.controller.CategoryController    : Save category to controller
2022-06-01 00:17:10.122  INFO 224007 --- [http-nio-8080-exec-4] ServiceControllerModelCategoryMapperImpl : Mapping from controller to service
2022-06-01 00:17:10.122  INFO 224007 --- [http-nio-8080-exec-4] ServiceControllerModelCategoryMapperImpl : serviceModelCategory: com.fingo.ecourse.categories.service.model.ServiceModelCategory@31408082
2022-06-01 00:17:10.122  INFO 224007 --- [http-nio-8080-exec-4] ServiceControllerModelCategoryMapperImpl : Mapping from controller to service successfully
2022-06-01 00:17:10.122  INFO 224007 --- [http-nio-8080-exec-4] c.f.e.c.service.CategoryService          : Save category to repository
2022-06-01 00:17:10.123 ERROR 224007 --- [http-nio-8080-exec-4] c.f.e.c.service.CategoryService          : CategoryDuplicate handler executed
2022-06-01 00:17:10.123  WARN 224007 --- [http-nio-8080-exec-4] .m.m.a.ExceptionHandlerExceptionResolver : Resolved [com.fingo.ecourse.categories.controller.exception.model.CategoryDuplicateException: Category kk already exists!]
2022-06-01 00:17:10.817  INFO 224007 --- [http-nio-8080-exec-5] c.f.e.c.controller.CategoryController    : Save category to controller
2022-06-01 00:17:10.817  INFO 224007 --- [http-nio-8080-exec-5] ServiceControllerModelCategoryMapperImpl : Mapping from controller to service
2022-06-01 00:17:10.817  INFO 224007 --- [http-nio-8080-exec-5] ServiceControllerModelCategoryMapperImpl : serviceModelCategory: com.fingo.ecourse.categories.service.model.ServiceModelCategory@102e0370
2022-06-01 00:17:10.817  INFO 224007 --- [http-nio-8080-exec-5] ServiceControllerModelCategoryMapperImpl : Mapping from controller to service successfully
2022-06-01 00:17:10.817  INFO 224007 --- [http-nio-8080-exec-5] c.f.e.c.service.CategoryService          : Save category to repository
2022-06-01 00:17:10.818 ERROR 224007 --- [http-nio-8080-exec-5] c.f.e.c.service.CategoryService          : CategoryDuplicate handler executed
2022-06-01 00:17:10.819  WARN 224007 --- [http-nio-8080-exec-5] .m.m.a.ExceptionHandlerExceptionResolver : Resolved [com.fingo.ecourse.categories.controller.exception.model.CategoryDuplicateException: Category kk already exists!]
2022-06-01 00:17:56.459  INFO 224007 --- [http-nio-8080-exec-6] c.f.e.c.controller.CategoryController    : Save category to controller
2022-06-01 00:17:56.459  INFO 224007 --- [http-nio-8080-exec-6] ServiceControllerModelCategoryMapperImpl : Mapping from controller to service
2022-06-01 00:17:56.459  INFO 224007 --- [http-nio-8080-exec-6] ServiceControllerModelCategoryMapperImpl : serviceModelCategory: com.fingo.ecourse.categories.service.model.ServiceModelCategory@1e4b566
2022-06-01 00:17:56.459  INFO 224007 --- [http-nio-8080-exec-6] ServiceControllerModelCategoryMapperImpl : Mapping from controller to service successfully
2022-06-01 00:17:56.459  INFO 224007 --- [http-nio-8080-exec-6] c.f.e.c.service.CategoryService          : Save category to repository
2022-06-01 00:17:56.460 ERROR 224007 --- [http-nio-8080-exec-6] c.f.e.c.service.CategoryService          : CategoryDuplicate handler executed
2022-06-01 00:17:56.461  WARN 224007 --- [http-nio-8080-exec-6] .m.m.a.ExceptionHandlerExceptionResolver : Resolved [com.fingo.ecourse.categories.controller.exception.model.CategoryDuplicateException: Category kk already exists!]
2022-06-01 00:17:57.304  INFO 224007 --- [http-nio-8080-exec-7] c.f.e.c.controller.CategoryController    : Save category to controller
2022-06-01 00:17:57.305  INFO 224007 --- [http-nio-8080-exec-7] ServiceControllerModelCategoryMapperImpl : Mapping from controller to service
2022-06-01 00:17:57.305  INFO 224007 --- [http-nio-8080-exec-7] ServiceControllerModelCategoryMapperImpl : serviceModelCategory: com.fingo.ecourse.categories.service.model.ServiceModelCategory@30d9555b
2022-06-01 00:17:57.305  INFO 224007 --- [http-nio-8080-exec-7] ServiceControllerModelCategoryMapperImpl : Mapping from controller to service successfully
2022-06-01 00:17:57.305  INFO 224007 --- [http-nio-8080-exec-7] c.f.e.c.service.CategoryService          : Save category to repository
2022-06-01 00:17:57.306 ERROR 224007 --- [http-nio-8080-exec-7] c.f.e.c.service.CategoryService          : CategoryDuplicate handler executed
2022-06-01 00:17:57.306  WARN 224007 --- [http-nio-8080-exec-7] .m.m.a.ExceptionHandlerExceptionResolver : Resolved [com.fingo.ecourse.categories.controller.exception.model.CategoryDuplicateException: Category kk already exists!]
2022-06-01 00:17:58.215  INFO 224007 --- [http-nio-8080-exec-8] c.f.e.c.controller.CategoryController    : Save category to controller
2022-06-01 00:17:58.215  INFO 224007 --- [http-nio-8080-exec-8] ServiceControllerModelCategoryMapperImpl : Mapping from controller to service
2022-06-01 00:17:58.215  INFO 224007 --- [http-nio-8080-exec-8] ServiceControllerModelCategoryMapperImpl : serviceModelCategory: com.fingo.ecourse.categories.service.model.ServiceModelCategory@52be21ea
2022-06-01 00:17:58.215  INFO 224007 --- [http-nio-8080-exec-8] ServiceControllerModelCategoryMapperImpl : Mapping from controller to service successfully
2022-06-01 00:17:58.215  INFO 224007 --- [http-nio-8080-exec-8] c.f.e.c.service.CategoryService          : Save category to repository
2022-06-01 00:17:58.217 ERROR 224007 --- [http-nio-8080-exec-8] c.f.e.c.service.CategoryService          : CategoryDuplicate handler executed
2022-06-01 00:17:58.217  WARN 224007 --- [http-nio-8080-exec-8] .m.m.a.ExceptionHandlerExceptionResolver : Resolved [com.fingo.ecourse.categories.controller.exception.model.CategoryDuplicateException: Category kk already exists!]
2022-06-01 00:18:51.285  INFO 224007 --- [http-nio-8080-exec-9] c.f.e.c.controller.CategoryController    : Save category to controller
2022-06-01 00:18:51.285  INFO 224007 --- [http-nio-8080-exec-9] ServiceControllerModelCategoryMapperImpl : Mapping from controller to service
2022-06-01 00:18:51.285  INFO 224007 --- [http-nio-8080-exec-9] ServiceControllerModelCategoryMapperImpl : serviceModelCategory: com.fingo.ecourse.categories.service.model.ServiceModelCategory@56c46c6b
2022-06-01 00:18:51.285  INFO 224007 --- [http-nio-8080-exec-9] ServiceControllerModelCategoryMapperImpl : Mapping from controller to service successfully
2022-06-01 00:18:51.285  INFO 224007 --- [http-nio-8080-exec-9] c.f.e.c.service.CategoryService          : Save category to repository
2022-06-01 00:18:51.286  INFO 224007 --- [http-nio-8080-exec-9] ServiceRepositoryModelCategoryMapperImpl : Mapping from service to repository
2022-06-01 00:18:51.286  INFO 224007 --- [http-nio-8080-exec-9] ServiceRepositoryModelCategoryMapperImpl : repositoryModelCategoryEntity: com.fingo.ecourse.categories.repository.model.CategoryEntity@42c
2022-06-01 00:18:51.286  INFO 224007 --- [http-nio-8080-exec-9] ServiceRepositoryModelCategoryMapperImpl : Mapping from service to repository successfully
2022-06-01 00:18:51.286  INFO 224007 --- [http-nio-8080-exec-9] c.f.e.c.service.CategoryService          : Saved category com.fingo.ecourse.categories.repository.model.CategoryEntity@42c successfully
2022-06-01 00:18:51.290  INFO 224007 --- [http-nio-8080-exec-9] c.f.e.c.controller.CategoryController    : Saved category com.fingo.ecourse.categories.service.model.ServiceModelCategory@56c46c6b to controller successfully
2022-06-01 00:18:54.098  INFO 224007 --- [http-nio-8080-exec-10] c.f.e.c.controller.CategoryController    : Save category to controller
2022-06-01 00:18:54.099  INFO 224007 --- [http-nio-8080-exec-10] ServiceControllerModelCategoryMapperImpl : Mapping from controller to service
2022-06-01 00:18:54.099  INFO 224007 --- [http-nio-8080-exec-10] ServiceControllerModelCategoryMapperImpl : serviceModelCategory: com.fingo.ecourse.categories.service.model.ServiceModelCategory@2fe92fd
2022-06-01 00:18:54.099  INFO 224007 --- [http-nio-8080-exec-10] ServiceControllerModelCategoryMapperImpl : Mapping from controller to service successfully
2022-06-01 00:18:54.099  INFO 224007 --- [http-nio-8080-exec-10] c.f.e.c.service.CategoryService          : Save category to repository
2022-06-01 00:18:54.100 ERROR 224007 --- [http-nio-8080-exec-10] c.f.e.c.service.CategoryService          : CategoryDuplicate handler executed
2022-06-01 00:18:54.100  WARN 224007 --- [http-nio-8080-exec-10] .m.m.a.ExceptionHandlerExceptionResolver : Resolved [com.fingo.ecourse.categories.controller.exception.model.CategoryDuplicateException: Category k already exists!]
2022-06-01 00:20:29.195  INFO 224007 --- [http-nio-8080-exec-1] c.f.e.c.controller.CategoryController    : Save category to controller
2022-06-01 00:20:29.196  INFO 224007 --- [http-nio-8080-exec-1] ServiceControllerModelCategoryMapperImpl : Mapping from controller to service
2022-06-01 00:20:29.196  INFO 224007 --- [http-nio-8080-exec-1] ServiceControllerModelCategoryMapperImpl : serviceModelCategory: com.fingo.ecourse.categories.service.model.ServiceModelCategory@2396d0f
2022-06-01 00:20:29.196  INFO 224007 --- [http-nio-8080-exec-1] ServiceControllerModelCategoryMapperImpl : Mapping from controller to service successfully
2022-06-01 00:20:29.196  INFO 224007 --- [http-nio-8080-exec-1] c.f.e.c.service.CategoryService          : Save category to repository
2022-06-01 00:20:29.196  INFO 224007 --- [http-nio-8080-exec-1] ServiceRepositoryModelCategoryMapperImpl : Mapping from service to repository
2022-06-01 00:20:29.196  INFO 224007 --- [http-nio-8080-exec-1] ServiceRepositoryModelCategoryMapperImpl : repositoryModelCategoryEntity: com.fingo.ecourse.categories.repository.model.CategoryEntity@422
2022-06-01 00:20:29.197  INFO 224007 --- [http-nio-8080-exec-1] ServiceRepositoryModelCategoryMapperImpl : Mapping from service to repository successfully
2022-06-01 00:20:29.197  INFO 224007 --- [http-nio-8080-exec-1] c.f.e.c.service.CategoryService          : Saved category com.fingo.ecourse.categories.repository.model.CategoryEntity@422 successfully
2022-06-01 00:20:29.199  INFO 224007 --- [http-nio-8080-exec-1] c.f.e.c.controller.CategoryController    : Saved category com.fingo.ecourse.categories.service.model.ServiceModelCategory@2396d0f to controller successfully
2022-06-01 00:20:32.271  INFO 224007 --- [http-nio-8080-exec-2] c.f.e.c.controller.CategoryController    : Save category to controller
2022-06-01 00:20:32.271  INFO 224007 --- [http-nio-8080-exec-2] ServiceControllerModelCategoryMapperImpl : Mapping from controller to service
2022-06-01 00:20:32.271  INFO 224007 --- [http-nio-8080-exec-2] ServiceControllerModelCategoryMapperImpl : serviceModelCategory: com.fingo.ecourse.categories.service.model.ServiceModelCategory@36d4c699
2022-06-01 00:20:32.271  INFO 224007 --- [http-nio-8080-exec-2] ServiceControllerModelCategoryMapperImpl : Mapping from controller to service successfully
2022-06-01 00:20:32.271  INFO 224007 --- [http-nio-8080-exec-2] c.f.e.c.service.CategoryService          : Save category to repository
2022-06-01 00:20:32.272 ERROR 224007 --- [http-nio-8080-exec-2] c.f.e.c.service.CategoryService          : CategoryDuplicate handler executed
2022-06-01 00:20:32.272  WARN 224007 --- [http-nio-8080-exec-2] .m.m.a.ExceptionHandlerExceptionResolver : Resolved [com.fingo.ecourse.categories.controller.exception.model.CategoryDuplicateException: Category a already exists!]
2022-06-01 00:20:33.596  INFO 224007 --- [http-nio-8080-exec-3] c.f.e.c.controller.CategoryController    : Save category to controller
2022-06-01 00:20:33.596  INFO 224007 --- [http-nio-8080-exec-3] ServiceControllerModelCategoryMapperImpl : Mapping from controller to service
2022-06-01 00:20:33.596  INFO 224007 --- [http-nio-8080-exec-3] ServiceControllerModelCategoryMapperImpl : serviceModelCategory: com.fingo.ecourse.categories.service.model.ServiceModelCategory@15df37c1
2022-06-01 00:20:33.596  INFO 224007 --- [http-nio-8080-exec-3] ServiceControllerModelCategoryMapperImpl : Mapping from controller to service successfully
2022-06-01 00:20:33.596  INFO 224007 --- [http-nio-8080-exec-3] c.f.e.c.service.CategoryService          : Save category to repository
2022-06-01 00:20:33.597 ERROR 224007 --- [http-nio-8080-exec-3] c.f.e.c.service.CategoryService          : CategoryDuplicate handler executed
2022-06-01 00:20:33.598  WARN 224007 --- [http-nio-8080-exec-3] .m.m.a.ExceptionHandlerExceptionResolver : Resolved [com.fingo.ecourse.categories.controller.exception.model.CategoryDuplicateException: Category a already exists!]
2022-06-01 00:20:34.655  INFO 224007 --- [http-nio-8080-exec-4] c.f.e.c.controller.CategoryController    : Save category to controller
2022-06-01 00:20:34.655  INFO 224007 --- [http-nio-8080-exec-4] ServiceControllerModelCategoryMapperImpl : Mapping from controller to service
2022-06-01 00:20:34.655  INFO 224007 --- [http-nio-8080-exec-4] ServiceControllerModelCategoryMapperImpl : serviceModelCategory: com.fingo.ecourse.categories.service.model.ServiceModelCategory@46fcd49
2022-06-01 00:20:34.655  INFO 224007 --- [http-nio-8080-exec-4] ServiceControllerModelCategoryMapperImpl : Mapping from controller to service successfully
2022-06-01 00:20:34.655  INFO 224007 --- [http-nio-8080-exec-4] c.f.e.c.service.CategoryService          : Save category to repository
2022-06-01 00:20:34.656 ERROR 224007 --- [http-nio-8080-exec-4] c.f.e.c.service.CategoryService          : CategoryDuplicate handler executed
2022-06-01 00:20:34.656  WARN 224007 --- [http-nio-8080-exec-4] .m.m.a.ExceptionHandlerExceptionResolver : Resolved [com.fingo.ecourse.categories.controller.exception.model.CategoryDuplicateException: Category a already exists!]
2022-06-01 00:20:39.195  INFO 224007 --- [http-nio-8080-exec-5] c.f.e.c.controller.CategoryController    : Save category to controller
2022-06-01 00:20:39.196  INFO 224007 --- [http-nio-8080-exec-5] ServiceControllerModelCategoryMapperImpl : Mapping from controller to service
2022-06-01 00:20:39.196  INFO 224007 --- [http-nio-8080-exec-5] ServiceControllerModelCategoryMapperImpl : serviceModelCategory: com.fingo.ecourse.categories.service.model.ServiceModelCategory@75972b71
2022-06-01 00:20:39.196  INFO 224007 --- [http-nio-8080-exec-5] ServiceControllerModelCategoryMapperImpl : Mapping from controller to service successfully
2022-06-01 00:20:39.196  INFO 224007 --- [http-nio-8080-exec-5] c.f.e.c.service.CategoryService          : Save category to repository
2022-06-01 00:20:39.197 ERROR 224007 --- [http-nio-8080-exec-5] c.f.e.c.service.CategoryService          : CategoryDuplicate handler executed
2022-06-01 00:20:39.197  WARN 224007 --- [http-nio-8080-exec-5] .m.m.a.ExceptionHandlerExceptionResolver : Resolved [com.fingo.ecourse.categories.controller.exception.model.CategoryDuplicateException: Category a already exists!]
2022-06-01 00:20:39.775  INFO 224007 --- [http-nio-8080-exec-6] c.f.e.c.controller.CategoryController    : Save category to controller
2022-06-01 00:20:39.775  INFO 224007 --- [http-nio-8080-exec-6] ServiceControllerModelCategoryMapperImpl : Mapping from controller to service
2022-06-01 00:20:39.775  INFO 224007 --- [http-nio-8080-exec-6] ServiceControllerModelCategoryMapperImpl : serviceModelCategory: com.fingo.ecourse.categories.service.model.ServiceModelCategory@4e730526
2022-06-01 00:20:39.775  INFO 224007 --- [http-nio-8080-exec-6] ServiceControllerModelCategoryMapperImpl : Mapping from controller to service successfully
2022-06-01 00:20:39.775  INFO 224007 --- [http-nio-8080-exec-6] c.f.e.c.service.CategoryService          : Save category to repository
2022-06-01 00:20:39.776 ERROR 224007 --- [http-nio-8080-exec-6] c.f.e.c.service.CategoryService          : CategoryDuplicate handler executed
2022-06-01 00:20:39.776  WARN 224007 --- [http-nio-8080-exec-6] .m.m.a.ExceptionHandlerExceptionResolver : Resolved [com.fingo.ecourse.categories.controller.exception.model.CategoryDuplicateException: Category a already exists!]
2022-06-01 00:20:44.097  INFO 224007 --- [http-nio-8080-exec-7] c.f.e.c.controller.CategoryController    : Save category to controller
2022-06-01 00:20:44.097  INFO 224007 --- [http-nio-8080-exec-7] ServiceControllerModelCategoryMapperImpl : Mapping from controller to service
2022-06-01 00:20:44.097  INFO 224007 --- [http-nio-8080-exec-7] ServiceControllerModelCategoryMapperImpl : serviceModelCategory: com.fingo.ecourse.categories.service.model.ServiceModelCategory@619a8f98
2022-06-01 00:20:44.097  INFO 224007 --- [http-nio-8080-exec-7] ServiceControllerModelCategoryMapperImpl : Mapping from controller to service successfully
2022-06-01 00:20:44.097  INFO 224007 --- [http-nio-8080-exec-7] c.f.e.c.service.CategoryService          : Save category to repository
2022-06-01 00:20:44.098 ERROR 224007 --- [http-nio-8080-exec-7] c.f.e.c.service.CategoryService          : CategoryDuplicate handler executed
2022-06-01 00:20:44.099  WARN 224007 --- [http-nio-8080-exec-7] .m.m.a.ExceptionHandlerExceptionResolver : Resolved [com.fingo.ecourse.categories.controller.exception.model.CategoryDuplicateException: Category a already exists!]
2022-06-01 00:20:48.269  INFO 224007 --- [http-nio-8080-exec-8] c.f.e.c.controller.CategoryController    : Save category to controller
2022-06-01 00:20:48.269  INFO 224007 --- [http-nio-8080-exec-8] ServiceControllerModelCategoryMapperImpl : Mapping from controller to service
2022-06-01 00:20:48.269  INFO 224007 --- [http-nio-8080-exec-8] ServiceControllerModelCategoryMapperImpl : serviceModelCategory: com.fingo.ecourse.categories.service.model.ServiceModelCategory@3b40a39c
2022-06-01 00:20:48.269  INFO 224007 --- [http-nio-8080-exec-8] ServiceControllerModelCategoryMapperImpl : Mapping from controller to service successfully
2022-06-01 00:20:48.269  INFO 224007 --- [http-nio-8080-exec-8] c.f.e.c.service.CategoryService          : Save category to repository
2022-06-01 00:20:48.270 ERROR 224007 --- [http-nio-8080-exec-8] c.f.e.c.service.CategoryService          : CategoryDuplicate handler executed
2022-06-01 00:20:48.270  WARN 224007 --- [http-nio-8080-exec-8] .m.m.a.ExceptionHandlerExceptionResolver : Resolved [com.fingo.ecourse.categories.controller.exception.model.CategoryDuplicateException: Category a already exists!]
2022-06-01 00:20:50.130  INFO 224007 --- [http-nio-8080-exec-9] c.f.e.c.controller.CategoryController    : Save category to controller
2022-06-01 00:20:50.130  INFO 224007 --- [http-nio-8080-exec-9] ServiceControllerModelCategoryMapperImpl : Mapping from controller to service
2022-06-01 00:20:50.130  INFO 224007 --- [http-nio-8080-exec-9] ServiceControllerModelCategoryMapperImpl : serviceModelCategory: com.fingo.ecourse.categories.service.model.ServiceModelCategory@1b19f4a8
2022-06-01 00:20:50.130  INFO 224007 --- [http-nio-8080-exec-9] ServiceControllerModelCategoryMapperImpl : Mapping from controller to service successfully
2022-06-01 00:20:50.130  INFO 224007 --- [http-nio-8080-exec-9] c.f.e.c.service.CategoryService          : Save category to repository
2022-06-01 00:20:50.131 ERROR 224007 --- [http-nio-8080-exec-9] c.f.e.c.service.CategoryService          : CategoryDuplicate handler executed
2022-06-01 00:20:50.131  WARN 224007 --- [http-nio-8080-exec-9] .m.m.a.ExceptionHandlerExceptionResolver : Resolved [com.fingo.ecourse.categories.controller.exception.model.CategoryDuplicateException: Category a already exists!]
2022-06-01 00:20:50.957  INFO 224007 --- [http-nio-8080-exec-10] c.f.e.c.controller.CategoryController    : Save category to controller
2022-06-01 00:20:50.957  INFO 224007 --- [http-nio-8080-exec-10] ServiceControllerModelCategoryMapperImpl : Mapping from controller to service
2022-06-01 00:20:50.957  INFO 224007 --- [http-nio-8080-exec-10] ServiceControllerModelCategoryMapperImpl : serviceModelCategory: com.fingo.ecourse.categories.service.model.ServiceModelCategory@37fe9823
2022-06-01 00:20:50.957  INFO 224007 --- [http-nio-8080-exec-10] ServiceControllerModelCategoryMapperImpl : Mapping from controller to service successfully
2022-06-01 00:20:50.957  INFO 224007 --- [http-nio-8080-exec-10] c.f.e.c.service.CategoryService          : Save category to repository
2022-06-01 00:20:50.958 ERROR 224007 --- [http-nio-8080-exec-10] c.f.e.c.service.CategoryService          : CategoryDuplicate handler executed
2022-06-01 00:20:50.958  WARN 224007 --- [http-nio-8080-exec-10] .m.m.a.ExceptionHandlerExceptionResolver : Resolved [com.fingo.ecourse.categories.controller.exception.model.CategoryDuplicateException: Category a already exists!]
2022-06-01 00:20:57.061  INFO 224007 --- [http-nio-8080-exec-1] c.f.e.c.controller.CategoryController    : Save category to controller
2022-06-01 00:20:57.061  INFO 224007 --- [http-nio-8080-exec-1] ServiceControllerModelCategoryMapperImpl : Mapping from controller to service
2022-06-01 00:20:57.061  INFO 224007 --- [http-nio-8080-exec-1] ServiceControllerModelCategoryMapperImpl : serviceModelCategory: com.fingo.ecourse.categories.service.model.ServiceModelCategory@58828c3d
2022-06-01 00:20:57.061  INFO 224007 --- [http-nio-8080-exec-1] ServiceControllerModelCategoryMapperImpl : Mapping from controller to service successfully
2022-06-01 00:20:57.061  INFO 224007 --- [http-nio-8080-exec-1] c.f.e.c.service.CategoryService          : Save category to repository
2022-06-01 00:20:57.063 ERROR 224007 --- [http-nio-8080-exec-1] c.f.e.c.service.CategoryService          : CategoryDuplicate handler executed
2022-06-01 00:20:57.063  WARN 224007 --- [http-nio-8080-exec-1] .m.m.a.ExceptionHandlerExceptionResolver : Resolved [com.fingo.ecourse.categories.controller.exception.model.CategoryDuplicateException: Category a already exists!]
2022-06-01 00:21:00.421  INFO 224007 --- [http-nio-8080-exec-2] c.f.e.c.controller.CategoryController    : Save category to controller
2022-06-01 00:21:00.421  INFO 224007 --- [http-nio-8080-exec-2] ServiceControllerModelCategoryMapperImpl : Mapping from controller to service
2022-06-01 00:21:00.421  INFO 224007 --- [http-nio-8080-exec-2] ServiceControllerModelCategoryMapperImpl : serviceModelCategory: com.fingo.ecourse.categories.service.model.ServiceModelCategory@1dba9296
2022-06-01 00:21:00.421  INFO 224007 --- [http-nio-8080-exec-2] ServiceControllerModelCategoryMapperImpl : Mapping from controller to service successfully
2022-06-01 00:21:00.421  INFO 224007 --- [http-nio-8080-exec-2] c.f.e.c.service.CategoryService          : Save category to repository
2022-06-01 00:21:00.423 ERROR 224007 --- [http-nio-8080-exec-2] c.f.e.c.service.CategoryService          : CategoryDuplicate handler executed
2022-06-01 00:21:00.423  WARN 224007 --- [http-nio-8080-exec-2] .m.m.a.ExceptionHandlerExceptionResolver : Resolved [com.fingo.ecourse.categories.controller.exception.model.CategoryDuplicateException: Category a already exists!]
2022-06-01 00:27:17.046  INFO 224007 --- [http-nio-8080-exec-3] c.f.e.c.controller.CategoryController    : Save category to controller
2022-06-01 00:27:17.046  INFO 224007 --- [http-nio-8080-exec-3] ServiceControllerModelCategoryMapperImpl : Mapping from controller to service
2022-06-01 00:27:17.046  INFO 224007 --- [http-nio-8080-exec-3] ServiceControllerModelCategoryMapperImpl : serviceModelCategory: com.fingo.ecourse.categories.service.model.ServiceModelCategory@241c5db5
2022-06-01 00:27:17.046  INFO 224007 --- [http-nio-8080-exec-3] ServiceControllerModelCategoryMapperImpl : Mapping from controller to service successfully
2022-06-01 00:27:17.046  INFO 224007 --- [http-nio-8080-exec-3] c.f.e.c.service.CategoryService          : Save category to repository
2022-06-01 00:27:17.047  INFO 224007 --- [http-nio-8080-exec-3] ServiceRepositoryModelCategoryMapperImpl : Mapping from service to repository
2022-06-01 00:27:17.047  INFO 224007 --- [http-nio-8080-exec-3] ServiceRepositoryModelCategoryMapperImpl : repositoryModelCategoryEntity: com.fingo.ecourse.categories.repository.model.CategoryEntity@b5ad1da4
2022-06-01 00:27:17.047  INFO 224007 --- [http-nio-8080-exec-3] ServiceRepositoryModelCategoryMapperImpl : Mapping from service to repository successfully
2022-06-01 00:27:17.047  INFO 224007 --- [http-nio-8080-exec-3] c.f.e.c.service.CategoryService          : Saved category com.fingo.ecourse.categories.repository.model.CategoryEntity@b5ad1da4 successfully
2022-06-01 00:27:17.049  INFO 224007 --- [http-nio-8080-exec-3] c.f.e.c.controller.CategoryController    : Saved category com.fingo.ecourse.categories.service.model.ServiceModelCategory@241c5db5 to controller successfully
2022-06-01 00:40:01.450  INFO 224007 --- [http-nio-8080-exec-5] c.f.e.c.controller.CategoryController    : Save category to controller
2022-06-01 00:40:01.450  INFO 224007 --- [http-nio-8080-exec-5] ServiceControllerModelCategoryMapperImpl : Mapping from controller to service
2022-06-01 00:40:01.450  INFO 224007 --- [http-nio-8080-exec-5] ServiceControllerModelCategoryMapperImpl : serviceModelCategory: com.fingo.ecourse.categories.service.model.ServiceModelCategory@47e66b85
2022-06-01 00:40:01.450  INFO 224007 --- [http-nio-8080-exec-5] ServiceControllerModelCategoryMapperImpl : Mapping from controller to service successfully
2022-06-01 00:40:01.450  INFO 224007 --- [http-nio-8080-exec-5] c.f.e.c.service.CategoryService          : Save category to repository
2022-06-01 00:40:01.451  INFO 224007 --- [http-nio-8080-exec-5] ServiceRepositoryModelCategoryMapperImpl : Mapping from service to repository
2022-06-01 00:40:01.451  INFO 224007 --- [http-nio-8080-exec-5] ServiceRepositoryModelCategoryMapperImpl : repositoryModelCategoryEntity: com.fingo.ecourse.categories.repository.model.CategoryEntity@11449
2022-06-01 00:40:01.451  INFO 224007 --- [http-nio-8080-exec-5] ServiceRepositoryModelCategoryMapperImpl : Mapping from service to repository successfully
2022-06-01 00:40:01.451  INFO 224007 --- [http-nio-8080-exec-5] c.f.e.c.service.CategoryService          : Saved category com.fingo.ecourse.categories.repository.model.CategoryEntity@11449 successfully
2022-06-01 00:40:01.453  INFO 224007 --- [http-nio-8080-exec-5] c.f.e.c.controller.CategoryController    : Saved category com.fingo.ecourse.categories.service.model.ServiceModelCategory@47e66b85 to controller successfully
2022-06-01 00:40:05.644  INFO 224007 --- [http-nio-8080-exec-6] c.f.e.c.controller.CategoryController    : Save category to controller
2022-06-01 00:40:05.644  INFO 224007 --- [http-nio-8080-exec-6] ServiceControllerModelCategoryMapperImpl : Mapping from controller to service
2022-06-01 00:40:05.644  INFO 224007 --- [http-nio-8080-exec-6] ServiceControllerModelCategoryMapperImpl : serviceModelCategory: com.fingo.ecourse.categories.service.model.ServiceModelCategory@78f86c37
2022-06-01 00:40:05.644  INFO 224007 --- [http-nio-8080-exec-6] ServiceControllerModelCategoryMapperImpl : Mapping from controller to service successfully
2022-06-01 00:40:05.644  INFO 224007 --- [http-nio-8080-exec-6] c.f.e.c.service.CategoryService          : Save category to repository
2022-06-01 00:40:05.645 ERROR 224007 --- [http-nio-8080-exec-6] c.f.e.c.service.CategoryService          : CategoryDuplicate handler executed
2022-06-01 00:40:05.646  WARN 224007 --- [http-nio-8080-exec-6] .m.m.a.ExceptionHandlerExceptionResolver : Resolved [com.fingo.ecourse.categories.controller.exception.model.CategoryDuplicateException: Category Elo already exists!]
2022-06-01 00:40:07.661  INFO 224007 --- [http-nio-8080-exec-7] c.f.e.c.controller.CategoryController    : Save category to controller
2022-06-01 00:40:07.661  INFO 224007 --- [http-nio-8080-exec-7] ServiceControllerModelCategoryMapperImpl : Mapping from controller to service
2022-06-01 00:40:07.661  INFO 224007 --- [http-nio-8080-exec-7] ServiceControllerModelCategoryMapperImpl : serviceModelCategory: com.fingo.ecourse.categories.service.model.ServiceModelCategory@40d6c048
2022-06-01 00:40:07.661  INFO 224007 --- [http-nio-8080-exec-7] ServiceControllerModelCategoryMapperImpl : Mapping from controller to service successfully
2022-06-01 00:40:07.661  INFO 224007 --- [http-nio-8080-exec-7] c.f.e.c.service.CategoryService          : Save category to repository
2022-06-01 00:40:07.663 ERROR 224007 --- [http-nio-8080-exec-7] c.f.e.c.service.CategoryService          : CategoryDuplicate handler executed
2022-06-01 00:40:07.663  WARN 224007 --- [http-nio-8080-exec-7] .m.m.a.ExceptionHandlerExceptionResolver : Resolved [com.fingo.ecourse.categories.controller.exception.model.CategoryDuplicateException: Category Elo already exists!]
2022-06-01 00:40:14.042  INFO 224007 --- [SpringApplicationShutdownHook] j.LocalContainerEntityManagerFactoryBean : Closing JPA EntityManagerFactory for persistence unit 'default'
2022-06-01 00:40:14.043  INFO 224007 --- [SpringApplicationShutdownHook] com.zaxxer.hikari.HikariDataSource       : HikariPool-1 - Shutdown initiated...
2022-06-01 00:40:14.045  INFO 224007 --- [SpringApplicationShutdownHook] com.zaxxer.hikari.HikariDataSource       : HikariPool-1 - Shutdown completed.
2022-06-01 00:40:15.207  INFO 228707 --- [restartedMain] com.fingo.ecourse.EcourseApplication     : Starting EcourseApplication using Java 17.0.2 on DT-9BVPJ1E with PID 228707 (/home/kacper/Desktop/uni/eCourseProject/ecourse/build/classes/java/main started by kacper in /home/kacper/Desktop/uni/eCourseProject/ecourse)
2022-06-01 00:40:15.208  INFO 228707 --- [restartedMain] com.fingo.ecourse.EcourseApplication     : No active profile set, falling back to 1 default profile: "default"
2022-06-01 00:40:15.228  INFO 228707 --- [restartedMain] .e.DevToolsPropertyDefaultsPostProcessor : Devtools property defaults active! Set 'spring.devtools.add-properties' to 'false' to disable
2022-06-01 00:40:15.228  INFO 228707 --- [restartedMain] .e.DevToolsPropertyDefaultsPostProcessor : For additional web related logging consider setting the 'logging.level.web' property to 'DEBUG'
2022-06-01 00:40:15.524  INFO 228707 --- [restartedMain] .s.d.r.c.RepositoryConfigurationDelegate : Bootstrapping Spring Data JPA repositories in DEFAULT mode.
2022-06-01 00:40:15.544  INFO 228707 --- [restartedMain] .s.d.r.c.RepositoryConfigurationDelegate : Finished Spring Data repository scanning in 16 ms. Found 1 JPA repository interfaces.
2022-06-01 00:40:15.778  INFO 228707 --- [restartedMain] o.s.b.w.embedded.tomcat.TomcatWebServer  : Tomcat initialized with port(s): 8080 (http)
2022-06-01 00:40:15.782  INFO 228707 --- [restartedMain] o.apache.catalina.core.StandardService   : Starting service [Tomcat]
2022-06-01 00:40:15.782  INFO 228707 --- [restartedMain] org.apache.catalina.core.StandardEngine  : Starting Servlet engine: [Apache Tomcat/9.0.62]
2022-06-01 00:40:15.810  INFO 228707 --- [restartedMain] o.a.c.c.C.[Tomcat].[localhost].[/]       : Initializing Spring embedded WebApplicationContext
2022-06-01 00:40:15.811  INFO 228707 --- [restartedMain] w.s.c.ServletWebServerApplicationContext : Root WebApplicationContext: initialization completed in 583 ms
2022-06-01 00:40:15.915  INFO 228707 --- [restartedMain] o.hibernate.jpa.internal.util.LogHelper  : HHH000204: Processing PersistenceUnitInfo [name: default]
2022-06-01 00:40:15.930  INFO 228707 --- [restartedMain] org.hibernate.Version                    : HHH000412: Hibernate ORM core version 5.6.8.Final
2022-06-01 00:40:16.002  INFO 228707 --- [restartedMain] o.hibernate.annotations.common.Version   : HCANN000001: Hibernate Commons Annotations {5.1.2.Final}
2022-06-01 00:40:16.053  INFO 228707 --- [restartedMain] com.zaxxer.hikari.HikariDataSource       : HikariPool-1 - Starting...
2022-06-01 00:40:16.209  INFO 228707 --- [restartedMain] com.zaxxer.hikari.HikariDataSource       : HikariPool-1 - Start completed.
2022-06-01 00:40:16.216  INFO 228707 --- [restartedMain] org.hibernate.dialect.Dialect            : HHH000400: Using dialect: org.hibernate.dialect.PostgreSQL95Dialect
2022-06-01 00:40:16.384  INFO 228707 --- [restartedMain] o.h.e.t.j.p.i.JtaPlatformInitiator       : HHH000490: Using JtaPlatform implementation: [org.hibernate.engine.transaction.jta.platform.internal.NoJtaPlatform]
2022-06-01 00:40:16.387  INFO 228707 --- [restartedMain] j.LocalContainerEntityManagerFactoryBean : Initialized JPA EntityManagerFactory for persistence unit 'default'
2022-06-01 00:40:16.558  WARN 228707 --- [restartedMain] JpaBaseConfiguration$JpaWebConfiguration : spring.jpa.open-in-view is enabled by default. Therefore, database queries may be performed during view rendering. Explicitly configure spring.jpa.open-in-view to disable this warning
2022-06-01 00:40:16.786  INFO 228707 --- [restartedMain] o.s.b.d.a.OptionalLiveReloadServer       : LiveReload server is running on port 35729
2022-06-01 00:40:16.800  INFO 228707 --- [restartedMain] o.s.b.w.embedded.tomcat.TomcatWebServer  : Tomcat started on port(s): 8080 (http) with context path ''
2022-06-01 00:40:16.806  INFO 228707 --- [restartedMain] com.fingo.ecourse.EcourseApplication     : Started EcourseApplication in 1.757 seconds (JVM running for 2.032)
2022-06-01 00:40:47.814  INFO 228707 --- [http-nio-8080-exec-1] o.a.c.c.C.[Tomcat].[localhost].[/]       : Initializing Spring DispatcherServlet 'dispatcherServlet'
2022-06-01 00:40:47.815  INFO 228707 --- [http-nio-8080-exec-1] o.s.web.servlet.DispatcherServlet        : Initializing Servlet 'dispatcherServlet'
2022-06-01 00:40:47.815  INFO 228707 --- [http-nio-8080-exec-1] o.s.web.servlet.DispatcherServlet        : Completed initialization in 0 ms
2022-06-01 00:40:47.847  INFO 228707 --- [http-nio-8080-exec-1] c.f.e.c.controller.CategoryController    : Save category to controller
2022-06-01 00:40:47.847  INFO 228707 --- [http-nio-8080-exec-1] ServiceControllerModelCategoryMapperImpl : Mapping from controller to service
2022-06-01 00:40:47.848  INFO 228707 --- [http-nio-8080-exec-1] ServiceControllerModelCategoryMapperImpl : serviceModelCategory: com.fingo.ecourse.categories.service.model.ServiceModelCategory@62bfd0ea
2022-06-01 00:40:47.848  INFO 228707 --- [http-nio-8080-exec-1] ServiceControllerModelCategoryMapperImpl : Mapping from controller to service successfully
2022-06-01 00:40:47.848  INFO 228707 --- [http-nio-8080-exec-1] c.f.e.c.service.CategoryService          : Save category to repository
2022-06-01 00:40:47.884  INFO 228707 --- [http-nio-8080-exec-1] ServiceRepositoryModelCategoryMapperImpl : Mapping from service to repository
2022-06-01 00:40:47.885  INFO 228707 --- [http-nio-8080-exec-1] ServiceRepositoryModelCategoryMapperImpl : repositoryModelCategoryEntity: com.fingo.ecourse.categories.repository.model.CategoryEntity@b8c878f8
2022-06-01 00:40:47.885  INFO 228707 --- [http-nio-8080-exec-1] ServiceRepositoryModelCategoryMapperImpl : Mapping from service to repository successfully
2022-06-01 00:40:47.886  INFO 228707 --- [http-nio-8080-exec-1] c.f.e.c.service.CategoryService          : Saved category com.fingo.ecourse.categories.repository.model.CategoryEntity@b8c878f8 successfully
2022-06-01 00:40:47.900  INFO 228707 --- [http-nio-8080-exec-1] c.f.e.c.controller.CategoryController    : Saved category com.fingo.ecourse.categories.service.model.ServiceModelCategory@62bfd0ea to controller successfully
2022-06-01 00:45:01.943  INFO 228707 --- [http-nio-8080-exec-4] c.f.e.c.controller.CategoryController    : Save category to controller
2022-06-01 00:45:01.944  INFO 228707 --- [http-nio-8080-exec-4] ServiceControllerModelCategoryMapperImpl : Mapping from controller to service
2022-06-01 00:45:01.944  INFO 228707 --- [http-nio-8080-exec-4] ServiceControllerModelCategoryMapperImpl : serviceModelCategory: com.fingo.ecourse.categories.service.model.ServiceModelCategory@69b572e1
2022-06-01 00:45:01.944  INFO 228707 --- [http-nio-8080-exec-4] ServiceControllerModelCategoryMapperImpl : Mapping from controller to service successfully
2022-06-01 00:45:01.944  INFO 228707 --- [http-nio-8080-exec-4] c.f.e.c.service.CategoryService          : Save category to repository
2022-06-01 00:45:01.947 ERROR 228707 --- [http-nio-8080-exec-4] c.f.e.c.service.CategoryService          : CategoryDuplicate handler executed
2022-06-01 00:45:01.948  WARN 228707 --- [http-nio-8080-exec-4] .m.m.a.ExceptionHandlerExceptionResolver : Resolved [com.fingo.ecourse.categories.controller.exception.model.CategoryDuplicateException: Category a already exists!]
2022-06-01 00:48:27.780  INFO 228707 --- [http-nio-8080-exec-5] c.f.e.c.controller.CategoryController    : Save category to controller
2022-06-01 00:48:27.780  INFO 228707 --- [http-nio-8080-exec-5] ServiceControllerModelCategoryMapperImpl : Mapping from controller to service
2022-06-01 00:48:27.780  INFO 228707 --- [http-nio-8080-exec-5] ServiceControllerModelCategoryMapperImpl : serviceModelCategory: com.fingo.ecourse.categories.service.model.ServiceModelCategory@6940c05d
2022-06-01 00:48:27.780  INFO 228707 --- [http-nio-8080-exec-5] ServiceControllerModelCategoryMapperImpl : Mapping from controller to service successfully
2022-06-01 00:48:27.780  INFO 228707 --- [http-nio-8080-exec-5] c.f.e.c.service.CategoryService          : Save category to repository
2022-06-01 00:48:27.781  INFO 228707 --- [http-nio-8080-exec-5] ServiceRepositoryModelCategoryMapperImpl : Mapping from service to repository
2022-06-01 00:48:27.781  INFO 228707 --- [http-nio-8080-exec-5] ServiceRepositoryModelCategoryMapperImpl : repositoryModelCategoryEntity: com.fingo.ecourse.categories.repository.model.CategoryEntity@187e3
2022-06-01 00:48:27.781  INFO 228707 --- [http-nio-8080-exec-5] ServiceRepositoryModelCategoryMapperImpl : Mapping from service to repository successfully
2022-06-01 00:48:27.781  INFO 228707 --- [http-nio-8080-exec-5] c.f.e.c.service.CategoryService          : Saved category com.fingo.ecourse.categories.repository.model.CategoryEntity@187e3 successfully
2022-06-01 00:48:27.784  INFO 228707 --- [http-nio-8080-exec-5] c.f.e.c.controller.CategoryController    : Saved category com.fingo.ecourse.categories.service.model.ServiceModelCategory@6940c05d to controller successfully
2022-06-01 00:48:33.409  INFO 228707 --- [http-nio-8080-exec-6] c.f.e.c.controller.CategoryController    : Save category to controller
2022-06-01 00:48:33.410  INFO 228707 --- [http-nio-8080-exec-6] ServiceControllerModelCategoryMapperImpl : Mapping from controller to service
2022-06-01 00:48:33.410  INFO 228707 --- [http-nio-8080-exec-6] ServiceControllerModelCategoryMapperImpl : serviceModelCategory: com.fingo.ecourse.categories.service.model.ServiceModelCategory@4ff008d1
2022-06-01 00:48:33.410  INFO 228707 --- [http-nio-8080-exec-6] ServiceControllerModelCategoryMapperImpl : Mapping from controller to service successfully
2022-06-01 00:48:33.410  INFO 228707 --- [http-nio-8080-exec-6] c.f.e.c.service.CategoryService          : Save category to repository
2022-06-01 00:48:33.411  INFO 228707 --- [http-nio-8080-exec-6] ServiceRepositoryModelCategoryMapperImpl : Mapping from service to repository
2022-06-01 00:48:33.412  INFO 228707 --- [http-nio-8080-exec-6] ServiceRepositoryModelCategoryMapperImpl : repositoryModelCategoryEntity: com.fingo.ecourse.categories.repository.model.CategoryEntity@425
2022-06-01 00:48:33.412  INFO 228707 --- [http-nio-8080-exec-6] ServiceRepositoryModelCategoryMapperImpl : Mapping from service to repository successfully
2022-06-01 00:48:33.412  INFO 228707 --- [http-nio-8080-exec-6] c.f.e.c.service.CategoryService          : Saved category com.fingo.ecourse.categories.repository.model.CategoryEntity@425 successfully
2022-06-01 00:48:33.415  INFO 228707 --- [http-nio-8080-exec-6] c.f.e.c.controller.CategoryController    : Saved category com.fingo.ecourse.categories.service.model.ServiceModelCategory@4ff008d1 to controller successfully
2022-06-01 00:48:35.457  INFO 228707 --- [http-nio-8080-exec-7] c.f.e.c.controller.CategoryController    : Save category to controller
2022-06-01 00:48:35.457  INFO 228707 --- [http-nio-8080-exec-7] ServiceControllerModelCategoryMapperImpl : Mapping from controller to service
2022-06-01 00:48:35.458  INFO 228707 --- [http-nio-8080-exec-7] ServiceControllerModelCategoryMapperImpl : serviceModelCategory: com.fingo.ecourse.categories.service.model.ServiceModelCategory@62bdae0d
2022-06-01 00:48:35.458  INFO 228707 --- [http-nio-8080-exec-7] ServiceControllerModelCategoryMapperImpl : Mapping from controller to service successfully
2022-06-01 00:48:35.458  INFO 228707 --- [http-nio-8080-exec-7] c.f.e.c.service.CategoryService          : Save category to repository
2022-06-01 00:48:35.459 ERROR 228707 --- [http-nio-8080-exec-7] c.f.e.c.service.CategoryService          : CategoryDuplicate handler executed
2022-06-01 00:48:35.460  WARN 228707 --- [http-nio-8080-exec-7] .m.m.a.ExceptionHandlerExceptionResolver : Resolved [com.fingo.ecourse.categories.controller.exception.model.CategoryDuplicateException: Category d already exists!]
2022-06-01 00:48:42.994  INFO 228707 --- [http-nio-8080-exec-8] c.f.e.c.controller.CategoryController    : Save category to controller
2022-06-01 00:48:42.994  INFO 228707 --- [http-nio-8080-exec-8] ServiceControllerModelCategoryMapperImpl : Mapping from controller to service
2022-06-01 00:48:42.994  INFO 228707 --- [http-nio-8080-exec-8] ServiceControllerModelCategoryMapperImpl : serviceModelCategory: com.fingo.ecourse.categories.service.model.ServiceModelCategory@45705659
2022-06-01 00:48:42.994  INFO 228707 --- [http-nio-8080-exec-8] ServiceControllerModelCategoryMapperImpl : Mapping from controller to service successfully
2022-06-01 00:48:42.994  INFO 228707 --- [http-nio-8080-exec-8] c.f.e.c.service.CategoryService          : Save category to repository
2022-06-01 00:48:42.996 ERROR 228707 --- [http-nio-8080-exec-8] c.f.e.c.service.CategoryService          : CategoryDuplicate handler executed
2022-06-01 00:48:42.997  WARN 228707 --- [http-nio-8080-exec-8] .m.m.a.ExceptionHandlerExceptionResolver : Resolved [com.fingo.ecourse.categories.controller.exception.model.CategoryDuplicateException: Category d already exists!]
2022-06-01 00:49:22.413  INFO 228707 --- [http-nio-8080-exec-9] c.f.e.c.controller.CategoryController    : Save category to controller
2022-06-01 00:49:22.413  INFO 228707 --- [http-nio-8080-exec-9] ServiceControllerModelCategoryMapperImpl : Mapping from controller to service
2022-06-01 00:49:22.413  INFO 228707 --- [http-nio-8080-exec-9] ServiceControllerModelCategoryMapperImpl : serviceModelCategory: com.fingo.ecourse.categories.service.model.ServiceModelCategory@65b74d30
2022-06-01 00:49:22.413  INFO 228707 --- [http-nio-8080-exec-9] ServiceControllerModelCategoryMapperImpl : Mapping from controller to service successfully
2022-06-01 00:49:22.413  INFO 228707 --- [http-nio-8080-exec-9] c.f.e.c.service.CategoryService          : Save category to repository
2022-06-01 00:49:22.415 ERROR 228707 --- [http-nio-8080-exec-9] c.f.e.c.service.CategoryService          : CategoryDuplicate handler executed
2022-06-01 00:49:22.415  WARN 228707 --- [http-nio-8080-exec-9] .m.m.a.ExceptionHandlerExceptionResolver : Resolved [com.fingo.ecourse.categories.controller.exception.model.CategoryDuplicateException: Category d already exists!]
2022-06-01 00:49:45.853  INFO 228707 --- [http-nio-8080-exec-10] c.f.e.c.controller.CategoryController    : Save category to controller
2022-06-01 00:49:45.853  INFO 228707 --- [http-nio-8080-exec-10] ServiceControllerModelCategoryMapperImpl : Mapping from controller to service
2022-06-01 00:49:45.853  INFO 228707 --- [http-nio-8080-exec-10] ServiceControllerModelCategoryMapperImpl : serviceModelCategory: com.fingo.ecourse.categories.service.model.ServiceModelCategory@6f9a720c
2022-06-01 00:49:45.853  INFO 228707 --- [http-nio-8080-exec-10] ServiceControllerModelCategoryMapperImpl : Mapping from controller to service successfully
2022-06-01 00:49:45.853  INFO 228707 --- [http-nio-8080-exec-10] c.f.e.c.service.CategoryService          : Save category to repository
2022-06-01 00:49:45.855 ERROR 228707 --- [http-nio-8080-exec-10] c.f.e.c.service.CategoryService          : CategoryDuplicate handler executed
2022-06-01 00:49:45.855  WARN 228707 --- [http-nio-8080-exec-10] .m.m.a.ExceptionHandlerExceptionResolver : Resolved [com.fingo.ecourse.categories.controller.exception.model.CategoryDuplicateException: Category d already exists!]
2022-06-01 00:50:30.854  INFO 228707 --- [http-nio-8080-exec-1] c.f.e.c.controller.CategoryController    : Save category to controller
2022-06-01 00:50:30.854  INFO 228707 --- [http-nio-8080-exec-1] ServiceControllerModelCategoryMapperImpl : Mapping from controller to service
2022-06-01 00:50:30.855  INFO 228707 --- [http-nio-8080-exec-1] ServiceControllerModelCategoryMapperImpl : serviceModelCategory: com.fingo.ecourse.categories.service.model.ServiceModelCategory@612c66d0
2022-06-01 00:50:30.855  INFO 228707 --- [http-nio-8080-exec-1] ServiceControllerModelCategoryMapperImpl : Mapping from controller to service successfully
2022-06-01 00:50:30.855  INFO 228707 --- [http-nio-8080-exec-1] c.f.e.c.service.CategoryService          : Save category to repository
2022-06-01 00:50:30.856 ERROR 228707 --- [http-nio-8080-exec-1] c.f.e.c.service.CategoryService          : CategoryDuplicate handler executed
2022-06-01 00:50:30.856  WARN 228707 --- [http-nio-8080-exec-1] .m.m.a.ExceptionHandlerExceptionResolver : Resolved [com.fingo.ecourse.categories.controller.exception.model.CategoryDuplicateException: Category d already exists!]
2022-06-01 00:50:33.133  INFO 228707 --- [http-nio-8080-exec-2] c.f.e.c.controller.CategoryController    : Save category to controller
2022-06-01 00:50:33.133  INFO 228707 --- [http-nio-8080-exec-2] ServiceControllerModelCategoryMapperImpl : Mapping from controller to service
2022-06-01 00:50:33.133  INFO 228707 --- [http-nio-8080-exec-2] ServiceControllerModelCategoryMapperImpl : serviceModelCategory: com.fingo.ecourse.categories.service.model.ServiceModelCategory@6326eb11
2022-06-01 00:50:33.133  INFO 228707 --- [http-nio-8080-exec-2] ServiceControllerModelCategoryMapperImpl : Mapping from controller to service successfully
2022-06-01 00:50:33.133  INFO 228707 --- [http-nio-8080-exec-2] c.f.e.c.service.CategoryService          : Save category to repository
2022-06-01 00:50:33.135 ERROR 228707 --- [http-nio-8080-exec-2] c.f.e.c.service.CategoryService          : CategoryDuplicate handler executed
2022-06-01 00:50:33.135  WARN 228707 --- [http-nio-8080-exec-2] .m.m.a.ExceptionHandlerExceptionResolver : Resolved [com.fingo.ecourse.categories.controller.exception.model.CategoryDuplicateException: Category d already exists!]
2022-06-01 00:50:34.478  INFO 228707 --- [http-nio-8080-exec-3] c.f.e.c.controller.CategoryController    : Save category to controller
2022-06-01 00:50:34.478  INFO 228707 --- [http-nio-8080-exec-3] ServiceControllerModelCategoryMapperImpl : Mapping from controller to service
2022-06-01 00:50:34.478  INFO 228707 --- [http-nio-8080-exec-3] ServiceControllerModelCategoryMapperImpl : serviceModelCategory: com.fingo.ecourse.categories.service.model.ServiceModelCategory@52649e1f
2022-06-01 00:50:34.478  INFO 228707 --- [http-nio-8080-exec-3] ServiceControllerModelCategoryMapperImpl : Mapping from controller to service successfully
2022-06-01 00:50:34.478  INFO 228707 --- [http-nio-8080-exec-3] c.f.e.c.service.CategoryService          : Save category to repository
2022-06-01 00:50:34.480 ERROR 228707 --- [http-nio-8080-exec-3] c.f.e.c.service.CategoryService          : CategoryDuplicate handler executed
2022-06-01 00:50:34.480  WARN 228707 --- [http-nio-8080-exec-3] .m.m.a.ExceptionHandlerExceptionResolver : Resolved [com.fingo.ecourse.categories.controller.exception.model.CategoryDuplicateException: Category d already exists!]
2022-06-01 00:52:16.637  INFO 228707 --- [http-nio-8080-exec-4] c.f.e.c.controller.CategoryController    : Save category to controller
2022-06-01 00:52:16.637  INFO 228707 --- [http-nio-8080-exec-4] ServiceControllerModelCategoryMapperImpl : Mapping from controller to service
2022-06-01 00:52:16.637  INFO 228707 --- [http-nio-8080-exec-4] ServiceControllerModelCategoryMapperImpl : serviceModelCategory: com.fingo.ecourse.categories.service.model.ServiceModelCategory@50ce0034
2022-06-01 00:52:16.637  INFO 228707 --- [http-nio-8080-exec-4] ServiceControllerModelCategoryMapperImpl : Mapping from controller to service successfully
2022-06-01 00:52:16.637  INFO 228707 --- [http-nio-8080-exec-4] c.f.e.c.service.CategoryService          : Save category to repository
2022-06-01 00:52:16.638  INFO 228707 --- [http-nio-8080-exec-4] ServiceRepositoryModelCategoryMapperImpl : Mapping from service to repository
2022-06-01 00:52:16.638  INFO 228707 --- [http-nio-8080-exec-4] ServiceRepositoryModelCategoryMapperImpl : repositoryModelCategoryEntity: com.fingo.ecourse.categories.repository.model.CategoryEntity@683c412
2022-06-01 00:52:16.638  INFO 228707 --- [http-nio-8080-exec-4] ServiceRepositoryModelCategoryMapperImpl : Mapping from service to repository successfully
2022-06-01 00:52:16.638  INFO 228707 --- [http-nio-8080-exec-4] c.f.e.c.service.CategoryService          : Saved category com.fingo.ecourse.categories.repository.model.CategoryEntity@683c412 successfully
2022-06-01 00:52:16.642  INFO 228707 --- [http-nio-8080-exec-4] c.f.e.c.controller.CategoryController    : Saved category com.fingo.ecourse.categories.service.model.ServiceModelCategory@50ce0034 to controller successfully
2022-06-01 00:52:19.607  INFO 228707 --- [http-nio-8080-exec-5] c.f.e.c.controller.CategoryController    : Save category to controller
2022-06-01 00:52:19.608  INFO 228707 --- [http-nio-8080-exec-5] ServiceControllerModelCategoryMapperImpl : Mapping from controller to service
2022-06-01 00:52:19.608  INFO 228707 --- [http-nio-8080-exec-5] ServiceControllerModelCategoryMapperImpl : serviceModelCategory: com.fingo.ecourse.categories.service.model.ServiceModelCategory@3191faa4
2022-06-01 00:52:19.608  INFO 228707 --- [http-nio-8080-exec-5] ServiceControllerModelCategoryMapperImpl : Mapping from controller to service successfully
2022-06-01 00:52:19.608  INFO 228707 --- [http-nio-8080-exec-5] c.f.e.c.service.CategoryService          : Save category to repository
2022-06-01 00:52:19.609  INFO 228707 --- [http-nio-8080-exec-5] ServiceRepositoryModelCategoryMapperImpl : Mapping from service to repository
2022-06-01 00:52:19.609  INFO 228707 --- [http-nio-8080-exec-5] ServiceRepositoryModelCategoryMapperImpl : repositoryModelCategoryEntity: com.fingo.ecourse.categories.repository.model.CategoryEntity@434
2022-06-01 00:52:19.609  INFO 228707 --- [http-nio-8080-exec-5] ServiceRepositoryModelCategoryMapperImpl : Mapping from service to repository successfully
2022-06-01 00:52:19.609  INFO 228707 --- [http-nio-8080-exec-5] c.f.e.c.service.CategoryService          : Saved category com.fingo.ecourse.categories.repository.model.CategoryEntity@434 successfully
2022-06-01 00:52:19.612  INFO 228707 --- [http-nio-8080-exec-5] c.f.e.c.controller.CategoryController    : Saved category com.fingo.ecourse.categories.service.model.ServiceModelCategory@3191faa4 to controller successfully
2022-06-01 00:52:21.926  INFO 228707 --- [http-nio-8080-exec-6] c.f.e.c.controller.CategoryController    : Save category to controller
2022-06-01 00:52:21.926  INFO 228707 --- [http-nio-8080-exec-6] ServiceControllerModelCategoryMapperImpl : Mapping from controller to service
2022-06-01 00:52:21.926  INFO 228707 --- [http-nio-8080-exec-6] ServiceControllerModelCategoryMapperImpl : serviceModelCategory: com.fingo.ecourse.categories.service.model.ServiceModelCategory@60251a2b
2022-06-01 00:52:21.926  INFO 228707 --- [http-nio-8080-exec-6] ServiceControllerModelCategoryMapperImpl : Mapping from controller to service successfully
2022-06-01 00:52:21.926  INFO 228707 --- [http-nio-8080-exec-6] c.f.e.c.service.CategoryService          : Save category to repository
2022-06-01 00:52:21.927 ERROR 228707 --- [http-nio-8080-exec-6] c.f.e.c.service.CategoryService          : CategoryDuplicate handler executed
2022-06-01 00:52:21.927  WARN 228707 --- [http-nio-8080-exec-6] .m.m.a.ExceptionHandlerExceptionResolver : Resolved [com.fingo.ecourse.categories.controller.exception.model.CategoryDuplicateException: Category s already exists!]
2022-06-01 00:52:49.101  INFO 228707 --- [http-nio-8080-exec-7] c.f.e.c.controller.CategoryController    : Save category to controller
2022-06-01 00:52:49.102  INFO 228707 --- [http-nio-8080-exec-7] ServiceControllerModelCategoryMapperImpl : Mapping from controller to service
2022-06-01 00:52:49.102  INFO 228707 --- [http-nio-8080-exec-7] ServiceControllerModelCategoryMapperImpl : serviceModelCategory: com.fingo.ecourse.categories.service.model.ServiceModelCategory@1ca0db14
2022-06-01 00:52:49.102  INFO 228707 --- [http-nio-8080-exec-7] ServiceControllerModelCategoryMapperImpl : Mapping from controller to service successfully
2022-06-01 00:52:49.102  INFO 228707 --- [http-nio-8080-exec-7] c.f.e.c.service.CategoryService          : Save category to repository
2022-06-01 00:52:49.103 ERROR 228707 --- [http-nio-8080-exec-7] c.f.e.c.service.CategoryService          : CategoryDuplicate handler executed
2022-06-01 00:52:49.104  WARN 228707 --- [http-nio-8080-exec-7] .m.m.a.ExceptionHandlerExceptionResolver : Resolved [com.fingo.ecourse.categories.controller.exception.model.CategoryDuplicateException: Category d already exists!]
2022-06-01 00:54:11.749  INFO 228707 --- [http-nio-8080-exec-8] c.f.e.c.controller.CategoryController    : Save category to controller
2022-06-01 00:54:11.749  INFO 228707 --- [http-nio-8080-exec-8] ServiceControllerModelCategoryMapperImpl : Mapping from controller to service
2022-06-01 00:54:11.749  INFO 228707 --- [http-nio-8080-exec-8] ServiceControllerModelCategoryMapperImpl : serviceModelCategory: com.fingo.ecourse.categories.service.model.ServiceModelCategory@7fb229ed
2022-06-01 00:54:11.749  INFO 228707 --- [http-nio-8080-exec-8] ServiceControllerModelCategoryMapperImpl : Mapping from controller to service successfully
2022-06-01 00:54:11.749  INFO 228707 --- [http-nio-8080-exec-8] c.f.e.c.service.CategoryService          : Save category to repository
2022-06-01 00:54:11.750 ERROR 228707 --- [http-nio-8080-exec-8] c.f.e.c.service.CategoryService          : CategoryDuplicate handler executed
2022-06-01 00:54:11.751  WARN 228707 --- [http-nio-8080-exec-8] .m.m.a.ExceptionHandlerExceptionResolver : Resolved [com.fingo.ecourse.categories.controller.exception.model.CategoryDuplicateException: Category a already exists!]
2022-06-01 00:54:17.135  INFO 228707 --- [http-nio-8080-exec-9] c.f.e.c.controller.CategoryController    : Save category to controller
2022-06-01 00:54:17.135  INFO 228707 --- [http-nio-8080-exec-9] ServiceControllerModelCategoryMapperImpl : Mapping from controller to service
2022-06-01 00:54:17.135  INFO 228707 --- [http-nio-8080-exec-9] ServiceControllerModelCategoryMapperImpl : serviceModelCategory: com.fingo.ecourse.categories.service.model.ServiceModelCategory@d46e52a
2022-06-01 00:54:17.135  INFO 228707 --- [http-nio-8080-exec-9] ServiceControllerModelCategoryMapperImpl : Mapping from controller to service successfully
2022-06-01 00:54:17.136  INFO 228707 --- [http-nio-8080-exec-9] c.f.e.c.service.CategoryService          : Save category to repository
2022-06-01 00:54:17.137  INFO 228707 --- [http-nio-8080-exec-9] ServiceRepositoryModelCategoryMapperImpl : Mapping from service to repository
2022-06-01 00:54:17.137  INFO 228707 --- [http-nio-8080-exec-9] ServiceRepositoryModelCategoryMapperImpl : repositoryModelCategoryEntity: com.fingo.ecourse.categories.repository.model.CategoryEntity@fc31f1f9
2022-06-01 00:54:17.137  INFO 228707 --- [http-nio-8080-exec-9] ServiceRepositoryModelCategoryMapperImpl : Mapping from service to repository successfully
2022-06-01 00:54:17.137  INFO 228707 --- [http-nio-8080-exec-9] c.f.e.c.service.CategoryService          : Saved category com.fingo.ecourse.categories.repository.model.CategoryEntity@fc31f1f9 successfully
2022-06-01 00:54:17.141  INFO 228707 --- [http-nio-8080-exec-9] c.f.e.c.controller.CategoryController    : Saved category com.fingo.ecourse.categories.service.model.ServiceModelCategory@d46e52a to controller successfully
2022-06-01 00:57:06.853  INFO 228707 --- [http-nio-8080-exec-1] c.f.e.c.controller.CategoryController    : Save category to controller
2022-06-01 00:57:06.853  INFO 228707 --- [http-nio-8080-exec-1] ServiceControllerModelCategoryMapperImpl : Mapping from controller to service
2022-06-01 00:57:06.854  INFO 228707 --- [http-nio-8080-exec-1] ServiceControllerModelCategoryMapperImpl : serviceModelCategory: com.fingo.ecourse.categories.service.model.ServiceModelCategory@2b46b242
2022-06-01 00:57:06.854  INFO 228707 --- [http-nio-8080-exec-1] ServiceControllerModelCategoryMapperImpl : Mapping from controller to service successfully
2022-06-01 00:57:06.854  INFO 228707 --- [http-nio-8080-exec-1] c.f.e.c.service.CategoryService          : Save category to repository
2022-06-01 00:57:06.855 ERROR 228707 --- [http-nio-8080-exec-1] c.f.e.c.service.CategoryService          : CategoryDuplicate handler executed
2022-06-01 00:57:06.856  WARN 228707 --- [http-nio-8080-exec-1] .m.m.a.ExceptionHandlerExceptionResolver : Resolved [com.fingo.ecourse.categories.controller.exception.model.CategoryDuplicateException: Category a already exists!]
2022-06-01 00:58:18.368  INFO 228707 --- [http-nio-8080-exec-2] c.f.e.c.controller.CategoryController    : Save category to controller
2022-06-01 00:58:18.368  INFO 228707 --- [http-nio-8080-exec-2] ServiceControllerModelCategoryMapperImpl : Mapping from controller to service
2022-06-01 00:58:18.368  INFO 228707 --- [http-nio-8080-exec-2] ServiceControllerModelCategoryMapperImpl : serviceModelCategory: com.fingo.ecourse.categories.service.model.ServiceModelCategory@5c34737b
2022-06-01 00:58:18.368  INFO 228707 --- [http-nio-8080-exec-2] ServiceControllerModelCategoryMapperImpl : Mapping from controller to service successfully
2022-06-01 00:58:18.368  INFO 228707 --- [http-nio-8080-exec-2] c.f.e.c.service.CategoryService          : Save category to repository
2022-06-01 00:58:18.370 ERROR 228707 --- [http-nio-8080-exec-2] c.f.e.c.service.CategoryService          : CategoryDuplicate handler executed
2022-06-01 00:58:18.370  WARN 228707 --- [http-nio-8080-exec-2] .m.m.a.ExceptionHandlerExceptionResolver : Resolved [com.fingo.ecourse.categories.controller.exception.model.CategoryDuplicateException: Category A already exists!]
2022-06-01 00:58:35.707  INFO 228707 --- [http-nio-8080-exec-3] c.f.e.c.controller.CategoryController    : Save category to controller
2022-06-01 00:58:35.707  INFO 228707 --- [http-nio-8080-exec-3] ServiceControllerModelCategoryMapperImpl : Mapping from controller to service
2022-06-01 00:58:35.707  INFO 228707 --- [http-nio-8080-exec-3] ServiceControllerModelCategoryMapperImpl : serviceModelCategory: com.fingo.ecourse.categories.service.model.ServiceModelCategory@72f670d2
2022-06-01 00:58:35.707  INFO 228707 --- [http-nio-8080-exec-3] ServiceControllerModelCategoryMapperImpl : Mapping from controller to service successfully
2022-06-01 00:58:35.707  INFO 228707 --- [http-nio-8080-exec-3] c.f.e.c.service.CategoryService          : Save category to repository
2022-06-01 00:58:35.708  INFO 228707 --- [http-nio-8080-exec-3] ServiceRepositoryModelCategoryMapperImpl : Mapping from service to repository
2022-06-01 00:58:35.708  INFO 228707 --- [http-nio-8080-exec-3] ServiceRepositoryModelCategoryMapperImpl : repositoryModelCategoryEntity: com.fingo.ecourse.categories.repository.model.CategoryEntity@fffc5329
2022-06-01 00:58:35.708  INFO 228707 --- [http-nio-8080-exec-3] ServiceRepositoryModelCategoryMapperImpl : Mapping from service to repository successfully
2022-06-01 00:58:35.708  INFO 228707 --- [http-nio-8080-exec-3] c.f.e.c.service.CategoryService          : Saved category com.fingo.ecourse.categories.repository.model.CategoryEntity@fffc5329 successfully
2022-06-01 00:58:35.710  INFO 228707 --- [http-nio-8080-exec-3] c.f.e.c.controller.CategoryController    : Saved category com.fingo.ecourse.categories.service.model.ServiceModelCategory@72f670d2 to controller successfully
2022-06-01 01:05:57.563  INFO 228707 --- [http-nio-8080-exec-5] c.f.e.c.controller.CategoryController    : Save category to controller
2022-06-01 01:05:57.563  INFO 228707 --- [http-nio-8080-exec-5] ServiceControllerModelCategoryMapperImpl : Mapping from controller to service
2022-06-01 01:05:57.563  INFO 228707 --- [http-nio-8080-exec-5] ServiceControllerModelCategoryMapperImpl : serviceModelCategory: com.fingo.ecourse.categories.service.model.ServiceModelCategory@772aabfe
2022-06-01 01:05:57.563  INFO 228707 --- [http-nio-8080-exec-5] ServiceControllerModelCategoryMapperImpl : Mapping from controller to service successfully
2022-06-01 01:05:57.563  INFO 228707 --- [http-nio-8080-exec-5] c.f.e.c.service.CategoryService          : Save category to repository
2022-06-01 01:05:57.565  INFO 228707 --- [http-nio-8080-exec-5] ServiceRepositoryModelCategoryMapperImpl : Mapping from service to repository
2022-06-01 01:05:57.565  INFO 228707 --- [http-nio-8080-exec-5] ServiceRepositoryModelCategoryMapperImpl : repositoryModelCategoryEntity: com.fingo.ecourse.categories.repository.model.CategoryEntity@187a5
2022-06-01 01:05:57.565  INFO 228707 --- [http-nio-8080-exec-5] ServiceRepositoryModelCategoryMapperImpl : Mapping from service to repository successfully
2022-06-01 01:05:57.565  INFO 228707 --- [http-nio-8080-exec-5] c.f.e.c.service.CategoryService          : Saved category com.fingo.ecourse.categories.repository.model.CategoryEntity@187a5 successfully
2022-06-01 01:05:57.568  INFO 228707 --- [http-nio-8080-exec-5] c.f.e.c.controller.CategoryController    : Saved category com.fingo.ecourse.categories.service.model.ServiceModelCategory@772aabfe to controller successfully
2022-06-01 01:06:01.863  INFO 228707 --- [http-nio-8080-exec-6] c.f.e.c.controller.CategoryController    : Save category to controller
2022-06-01 01:06:01.863  INFO 228707 --- [http-nio-8080-exec-6] ServiceControllerModelCategoryMapperImpl : Mapping from controller to service
2022-06-01 01:06:01.863  INFO 228707 --- [http-nio-8080-exec-6] ServiceControllerModelCategoryMapperImpl : serviceModelCategory: com.fingo.ecourse.categories.service.model.ServiceModelCategory@646b86af
2022-06-01 01:06:01.863  INFO 228707 --- [http-nio-8080-exec-6] ServiceControllerModelCategoryMapperImpl : Mapping from controller to service successfully
2022-06-01 01:06:01.863  INFO 228707 --- [http-nio-8080-exec-6] c.f.e.c.service.CategoryService          : Save category to repository
2022-06-01 01:06:01.864 ERROR 228707 --- [http-nio-8080-exec-6] c.f.e.c.service.CategoryService          : CategoryDuplicate handler executed
2022-06-01 01:06:01.864  WARN 228707 --- [http-nio-8080-exec-6] .m.m.a.ExceptionHandlerExceptionResolver : Resolved [com.fingo.ecourse.categories.controller.exception.model.CategoryDuplicateException: Category ddd already exists!]
2022-06-01 01:07:01.008  INFO 228707 --- [http-nio-8080-exec-7] c.f.e.c.controller.CategoryController    : Save category to controller
2022-06-01 01:07:01.008  INFO 228707 --- [http-nio-8080-exec-7] ServiceControllerModelCategoryMapperImpl : Mapping from controller to service
2022-06-01 01:07:01.008  INFO 228707 --- [http-nio-8080-exec-7] ServiceControllerModelCategoryMapperImpl : serviceModelCategory: com.fingo.ecourse.categories.service.model.ServiceModelCategory@5f443592
2022-06-01 01:07:01.008  INFO 228707 --- [http-nio-8080-exec-7] ServiceControllerModelCategoryMapperImpl : Mapping from controller to service successfully
2022-06-01 01:07:01.008  INFO 228707 --- [http-nio-8080-exec-7] c.f.e.c.service.CategoryService          : Save category to repository
2022-06-01 01:07:01.009  INFO 228707 --- [http-nio-8080-exec-7] ServiceRepositoryModelCategoryMapperImpl : Mapping from service to repository
2022-06-01 01:07:01.010  INFO 228707 --- [http-nio-8080-exec-7] ServiceRepositoryModelCategoryMapperImpl : repositoryModelCategoryEntity: com.fingo.ecourse.categories.repository.model.CategoryEntity@76ea7cdc
2022-06-01 01:07:01.010  INFO 228707 --- [http-nio-8080-exec-7] ServiceRepositoryModelCategoryMapperImpl : Mapping from service to repository successfully
2022-06-01 01:07:01.010  INFO 228707 --- [http-nio-8080-exec-7] c.f.e.c.service.CategoryService          : Saved category com.fingo.ecourse.categories.repository.model.CategoryEntity@76ea7cdc successfully
2022-06-01 01:07:01.014  INFO 228707 --- [http-nio-8080-exec-7] c.f.e.c.controller.CategoryController    : Saved category com.fingo.ecourse.categories.service.model.ServiceModelCategory@5f443592 to controller successfully
2022-06-01 01:07:07.857  INFO 228707 --- [http-nio-8080-exec-8] c.f.e.c.controller.CategoryController    : Save category to controller
2022-06-01 01:07:07.857  INFO 228707 --- [http-nio-8080-exec-8] ServiceControllerModelCategoryMapperImpl : Mapping from controller to service
2022-06-01 01:07:07.857  INFO 228707 --- [http-nio-8080-exec-8] ServiceControllerModelCategoryMapperImpl : serviceModelCategory: com.fingo.ecourse.categories.service.model.ServiceModelCategory@16169ee1
2022-06-01 01:07:07.857  INFO 228707 --- [http-nio-8080-exec-8] ServiceControllerModelCategoryMapperImpl : Mapping from controller to service successfully
2022-06-01 01:07:07.857  INFO 228707 --- [http-nio-8080-exec-8] c.f.e.c.service.CategoryService          : Save category to repository
2022-06-01 01:07:07.859 ERROR 228707 --- [http-nio-8080-exec-8] c.f.e.c.service.CategoryService          : CategoryDuplicate handler executed
2022-06-01 01:07:07.860  WARN 228707 --- [http-nio-8080-exec-8] .m.m.a.ExceptionHandlerExceptionResolver : Resolved [com.fingo.ecourse.categories.controller.exception.model.CategoryDuplicateException: Category Kategoria already exists!]
2022-06-01 01:07:09.991  INFO 228707 --- [http-nio-8080-exec-9] c.f.e.c.controller.CategoryController    : Save category to controller
2022-06-01 01:07:09.991  INFO 228707 --- [http-nio-8080-exec-9] ServiceControllerModelCategoryMapperImpl : Mapping from controller to service
2022-06-01 01:07:09.991  INFO 228707 --- [http-nio-8080-exec-9] ServiceControllerModelCategoryMapperImpl : serviceModelCategory: com.fingo.ecourse.categories.service.model.ServiceModelCategory@2bbf31a0
2022-06-01 01:07:09.991  INFO 228707 --- [http-nio-8080-exec-9] ServiceControllerModelCategoryMapperImpl : Mapping from controller to service successfully
2022-06-01 01:07:09.991  INFO 228707 --- [http-nio-8080-exec-9] c.f.e.c.service.CategoryService          : Save category to repository
2022-06-01 01:07:09.992 ERROR 228707 --- [http-nio-8080-exec-9] c.f.e.c.service.CategoryService          : CategoryDuplicate handler executed
2022-06-01 01:07:09.993  WARN 228707 --- [http-nio-8080-exec-9] .m.m.a.ExceptionHandlerExceptionResolver : Resolved [com.fingo.ecourse.categories.controller.exception.model.CategoryDuplicateException: Category Kategoria already exists!]
2022-06-01 01:07:12.774  INFO 228707 --- [http-nio-8080-exec-10] c.f.e.c.controller.CategoryController    : Save category to controller
2022-06-01 01:07:12.774  INFO 228707 --- [http-nio-8080-exec-10] ServiceControllerModelCategoryMapperImpl : Mapping from controller to service
2022-06-01 01:07:12.774  INFO 228707 --- [http-nio-8080-exec-10] ServiceControllerModelCategoryMapperImpl : serviceModelCategory: com.fingo.ecourse.categories.service.model.ServiceModelCategory@404f64fb
2022-06-01 01:07:12.774  INFO 228707 --- [http-nio-8080-exec-10] ServiceControllerModelCategoryMapperImpl : Mapping from controller to service successfully
2022-06-01 01:07:12.774  INFO 228707 --- [http-nio-8080-exec-10] c.f.e.c.service.CategoryService          : Save category to repository
2022-06-01 01:07:12.775  INFO 228707 --- [http-nio-8080-exec-10] ServiceRepositoryModelCategoryMapperImpl : Mapping from service to repository
2022-06-01 01:07:12.775  INFO 228707 --- [http-nio-8080-exec-10] ServiceRepositoryModelCategoryMapperImpl : repositoryModelCategoryEntity: com.fingo.ecourse.categories.repository.model.CategoryEntity@6664ae38
2022-06-01 01:07:12.775  INFO 228707 --- [http-nio-8080-exec-10] ServiceRepositoryModelCategoryMapperImpl : Mapping from service to repository successfully
2022-06-01 01:07:12.775  INFO 228707 --- [http-nio-8080-exec-10] c.f.e.c.service.CategoryService          : Saved category com.fingo.ecourse.categories.repository.model.CategoryEntity@6664ae38 successfully
2022-06-01 01:07:12.779  INFO 228707 --- [http-nio-8080-exec-10] c.f.e.c.controller.CategoryController    : Saved category com.fingo.ecourse.categories.service.model.ServiceModelCategory@404f64fb to controller successfully
